CRITICAL - 2021-03-06 00:05:01 --> Undefined variable: db
#0 /Applications/MAMP/htdocs/POSBangExam/app/Models/MenuModel.php(10): CodeIgniter\Debug\Exceptions->errorHandler(8, 'Undefined varia...', '/Applications/M...', 10, Array)
#1 /Applications/MAMP/htdocs/POSBangExam/app/Controllers/Menu.php(13): App\Models\MenuModel->fetch_categories()
#2 /Applications/MAMP/htdocs/POSBangExam/system/CodeIgniter.php(936): App\Controllers\Menu->index()
#3 /Applications/MAMP/htdocs/POSBangExam/system/CodeIgniter.php(432): CodeIgniter\CodeIgniter->runController(Object(App\Controllers\Menu))
#4 /Applications/MAMP/htdocs/POSBangExam/system/CodeIgniter.php(333): CodeIgniter\CodeIgniter->handleRequest(NULL, Object(Config\Cache), false)
#5 /Applications/MAMP/htdocs/POSBangExam/index.php(44): CodeIgniter\CodeIgniter->run()
#6 {main}
CRITICAL - 2021-03-06 00:07:38 --> Call to undefined method CodeIgniter\Database\MySQLi\Builder::getResultArray()
#0 /Applications/MAMP/htdocs/POSBangExam/app/Controllers/Menu.php(13): App\Models\MenuModel->fetch_categories()
#1 /Applications/MAMP/htdocs/POSBangExam/system/CodeIgniter.php(936): App\Controllers\Menu->index()
#2 /Applications/MAMP/htdocs/POSBangExam/system/CodeIgniter.php(432): CodeIgniter\CodeIgniter->runController(Object(App\Controllers\Menu))
#3 /Applications/MAMP/htdocs/POSBangExam/system/CodeIgniter.php(333): CodeIgniter\CodeIgniter->handleRequest(NULL, Object(Config\Cache), false)
#4 /Applications/MAMP/htdocs/POSBangExam/index.php(44): CodeIgniter\CodeIgniter->run()
#5 {main}
CRITICAL - 2021-03-06 00:12:44 --> Undefined variable: data
#0 /Applications/MAMP/htdocs/POSBangExam/app/Views/MenuList.php(128): CodeIgniter\Debug\Exceptions->errorHandler(8, 'Undefined varia...', '/Applications/M...', 128, Array)
#1 /Applications/MAMP/htdocs/POSBangExam/system/View/View.php(220): include('/Applications/M...')
#2 /Applications/MAMP/htdocs/POSBangExam/system/View/View.php(222): CodeIgniter\View\View->CodeIgniter\View\{closure}()
#3 /Applications/MAMP/htdocs/POSBangExam/system/Common.php(1217): CodeIgniter\View\View->render('MenuList', Array, true)
#4 /Applications/MAMP/htdocs/POSBangExam/app/Controllers/Menu.php(16): view('MenuList', Array)
#5 /Applications/MAMP/htdocs/POSBangExam/system/CodeIgniter.php(936): App\Controllers\Menu->index()
#6 /Applications/MAMP/htdocs/POSBangExam/system/CodeIgniter.php(432): CodeIgniter\CodeIgniter->runController(Object(App\Controllers\Menu))
#7 /Applications/MAMP/htdocs/POSBangExam/system/CodeIgniter.php(333): CodeIgniter\CodeIgniter->handleRequest(NULL, Object(Config\Cache), false)
#8 /Applications/MAMP/htdocs/POSBangExam/index.php(44): CodeIgniter\CodeIgniter->run()
#9 {main}
CRITICAL - 2021-03-06 00:23:32 --> Undefined variable: data
#0 /Applications/MAMP/htdocs/POSBangExam/app/Views/MenuList.php(128): CodeIgniter\Debug\Exceptions->errorHandler(8, 'Undefined varia...', '/Applications/M...', 128, Array)
#1 /Applications/MAMP/htdocs/POSBangExam/system/View/View.php(220): include('/Applications/M...')
#2 /Applications/MAMP/htdocs/POSBangExam/system/View/View.php(222): CodeIgniter\View\View->CodeIgniter\View\{closure}()
#3 /Applications/MAMP/htdocs/POSBangExam/system/Common.php(1217): CodeIgniter\View\View->render('MenuList', Array, true)
#4 /Applications/MAMP/htdocs/POSBangExam/app/Controllers/Menu.php(16): view('MenuList', Array)
#5 /Applications/MAMP/htdocs/POSBangExam/system/CodeIgniter.php(936): App\Controllers\Menu->index()
#6 /Applications/MAMP/htdocs/POSBangExam/system/CodeIgniter.php(432): CodeIgniter\CodeIgniter->runController(Object(App\Controllers\Menu))
#7 /Applications/MAMP/htdocs/POSBangExam/system/CodeIgniter.php(333): CodeIgniter\CodeIgniter->handleRequest(NULL, Object(Config\Cache), false)
#8 /Applications/MAMP/htdocs/POSBangExam/index.php(44): CodeIgniter\CodeIgniter->run()
#9 {main}
CRITICAL - 2021-03-06 00:24:54 --> Undefined variable: data
#0 /Applications/MAMP/htdocs/POSBangExam/app/Views/MenuList.php(128): CodeIgniter\Debug\Exceptions->errorHandler(8, 'Undefined varia...', '/Applications/M...', 128, Array)
#1 /Applications/MAMP/htdocs/POSBangExam/system/View/View.php(220): include('/Applications/M...')
#2 /Applications/MAMP/htdocs/POSBangExam/system/View/View.php(222): CodeIgniter\View\View->CodeIgniter\View\{closure}()
#3 /Applications/MAMP/htdocs/POSBangExam/system/Common.php(1217): CodeIgniter\View\View->render('MenuList.php', Array, true)
#4 /Applications/MAMP/htdocs/POSBangExam/app/Controllers/Menu.php(16): view('MenuList.php', Array)
#5 /Applications/MAMP/htdocs/POSBangExam/system/CodeIgniter.php(936): App\Controllers\Menu->index()
#6 /Applications/MAMP/htdocs/POSBangExam/system/CodeIgniter.php(432): CodeIgniter\CodeIgniter->runController(Object(App\Controllers\Menu))
#7 /Applications/MAMP/htdocs/POSBangExam/system/CodeIgniter.php(333): CodeIgniter\CodeIgniter->handleRequest(NULL, Object(Config\Cache), false)
#8 /Applications/MAMP/htdocs/POSBangExam/index.php(44): CodeIgniter\CodeIgniter->run()
#9 {main}
CRITICAL - 2021-03-06 00:26:47 --> Undefined variable: data
#0 /Applications/MAMP/htdocs/POSBangExam/app/Views/MenuList.php(128): CodeIgniter\Debug\Exceptions->errorHandler(8, 'Undefined varia...', '/Applications/M...', 128, Array)
#1 /Applications/MAMP/htdocs/POSBangExam/system/View/View.php(220): include('/Applications/M...')
#2 /Applications/MAMP/htdocs/POSBangExam/system/View/View.php(222): CodeIgniter\View\View->CodeIgniter\View\{closure}()
#3 /Applications/MAMP/htdocs/POSBangExam/system/Common.php(1217): CodeIgniter\View\View->render('MenuList.php', Array, true)
#4 /Applications/MAMP/htdocs/POSBangExam/app/Controllers/Menu.php(16): view('MenuList.php', Array)
#5 /Applications/MAMP/htdocs/POSBangExam/system/CodeIgniter.php(936): App\Controllers\Menu->index()
#6 /Applications/MAMP/htdocs/POSBangExam/system/CodeIgniter.php(432): CodeIgniter\CodeIgniter->runController(Object(App\Controllers\Menu))
#7 /Applications/MAMP/htdocs/POSBangExam/system/CodeIgniter.php(333): CodeIgniter\CodeIgniter->handleRequest(NULL, Object(Config\Cache), false)
#8 /Applications/MAMP/htdocs/POSBangExam/index.php(44): CodeIgniter\CodeIgniter->run()
#9 {main}
CRITICAL - 2021-03-06 00:27:16 --> Array to string conversion
#0 /Applications/MAMP/htdocs/POSBangExam/app/Views/MenuList.php(128): CodeIgniter\Debug\Exceptions->errorHandler(8, 'Array to string...', '/Applications/M...', 128, Array)
#1 /Applications/MAMP/htdocs/POSBangExam/system/View/View.php(220): include('/Applications/M...')
#2 /Applications/MAMP/htdocs/POSBangExam/system/View/View.php(222): CodeIgniter\View\View->CodeIgniter\View\{closure}()
#3 /Applications/MAMP/htdocs/POSBangExam/system/Common.php(1217): CodeIgniter\View\View->render('MenuList.php', Array, true)
#4 /Applications/MAMP/htdocs/POSBangExam/app/Controllers/Menu.php(16): view('MenuList.php', Array)
#5 /Applications/MAMP/htdocs/POSBangExam/system/CodeIgniter.php(936): App\Controllers\Menu->index()
#6 /Applications/MAMP/htdocs/POSBangExam/system/CodeIgniter.php(432): CodeIgniter\CodeIgniter->runController(Object(App\Controllers\Menu))
#7 /Applications/MAMP/htdocs/POSBangExam/system/CodeIgniter.php(333): CodeIgniter\CodeIgniter->handleRequest(NULL, Object(Config\Cache), false)
#8 /Applications/MAMP/htdocs/POSBangExam/index.php(44): CodeIgniter\CodeIgniter->run()
#9 {main}
CRITICAL - 2021-03-06 01:16:30 --> Undefined index: description
#0 /Applications/MAMP/htdocs/POSBangExam/app/Views/MenuList.php(145): CodeIgniter\Debug\Exceptions->errorHandler(8, 'Undefined index...', '/Applications/M...', 145, Array)
#1 /Applications/MAMP/htdocs/POSBangExam/system/View/View.php(220): include('/Applications/M...')
#2 /Applications/MAMP/htdocs/POSBangExam/system/View/View.php(222): CodeIgniter\View\View->CodeIgniter\View\{closure}()
#3 /Applications/MAMP/htdocs/POSBangExam/system/Common.php(1217): CodeIgniter\View\View->render('MenuList.php', Array, true)
#4 /Applications/MAMP/htdocs/POSBangExam/app/Controllers/Menu.php(22): view('MenuList.php', Array)
#5 /Applications/MAMP/htdocs/POSBangExam/system/CodeIgniter.php(936): App\Controllers\Menu->index()
#6 /Applications/MAMP/htdocs/POSBangExam/system/CodeIgniter.php(432): CodeIgniter\CodeIgniter->runController(Object(App\Controllers\Menu))
#7 /Applications/MAMP/htdocs/POSBangExam/system/CodeIgniter.php(333): CodeIgniter\CodeIgniter->handleRequest(NULL, Object(Config\Cache), false)
#8 /Applications/MAMP/htdocs/POSBangExam/index.php(44): CodeIgniter\CodeIgniter->run()
#9 {main}
CRITICAL - 2021-03-06 02:50:46 --> Function name must be a string
#0 /Applications/MAMP/htdocs/POSBangExam/system/CodeIgniter.php(936): App\Controllers\Checkout->index()
#1 /Applications/MAMP/htdocs/POSBangExam/system/CodeIgniter.php(432): CodeIgniter\CodeIgniter->runController(Object(App\Controllers\Checkout))
#2 /Applications/MAMP/htdocs/POSBangExam/system/CodeIgniter.php(333): CodeIgniter\CodeIgniter->handleRequest(NULL, Object(Config\Cache), false)
#3 /Applications/MAMP/htdocs/POSBangExam/index.php(44): CodeIgniter\CodeIgniter->run()
#4 {main}
CRITICAL - 2021-03-06 02:51:32 --> Function name must be a string
#0 /Applications/MAMP/htdocs/POSBangExam/system/CodeIgniter.php(936): App\Controllers\Checkout->index()
#1 /Applications/MAMP/htdocs/POSBangExam/system/CodeIgniter.php(432): CodeIgniter\CodeIgniter->runController(Object(App\Controllers\Checkout))
#2 /Applications/MAMP/htdocs/POSBangExam/system/CodeIgniter.php(333): CodeIgniter\CodeIgniter->handleRequest(NULL, Object(Config\Cache), false)
#3 /Applications/MAMP/htdocs/POSBangExam/index.php(44): CodeIgniter\CodeIgniter->run()
#4 {main}
CRITICAL - 2021-03-06 02:52:20 --> Function name must be a string
#0 /Applications/MAMP/htdocs/POSBangExam/system/CodeIgniter.php(936): App\Controllers\Checkout->index()
#1 /Applications/MAMP/htdocs/POSBangExam/system/CodeIgniter.php(432): CodeIgniter\CodeIgniter->runController(Object(App\Controllers\Checkout))
#2 /Applications/MAMP/htdocs/POSBangExam/system/CodeIgniter.php(333): CodeIgniter\CodeIgniter->handleRequest(NULL, Object(Config\Cache), false)
#3 /Applications/MAMP/htdocs/POSBangExam/index.php(44): CodeIgniter\CodeIgniter->run()
#4 {main}
CRITICAL - 2021-03-06 02:52:20 --> Function name must be a string
#0 /Applications/MAMP/htdocs/POSBangExam/system/CodeIgniter.php(936): App\Controllers\Checkout->index()
#1 /Applications/MAMP/htdocs/POSBangExam/system/CodeIgniter.php(432): CodeIgniter\CodeIgniter->runController(Object(App\Controllers\Checkout))
#2 /Applications/MAMP/htdocs/POSBangExam/system/CodeIgniter.php(333): CodeIgniter\CodeIgniter->handleRequest(NULL, Object(Config\Cache), false)
#3 /Applications/MAMP/htdocs/POSBangExam/index.php(44): CodeIgniter\CodeIgniter->run()
#4 {main}
CRITICAL - 2021-03-06 02:52:21 --> Function name must be a string
#0 /Applications/MAMP/htdocs/POSBangExam/system/CodeIgniter.php(936): App\Controllers\Checkout->index()
#1 /Applications/MAMP/htdocs/POSBangExam/system/CodeIgniter.php(432): CodeIgniter\CodeIgniter->runController(Object(App\Controllers\Checkout))
#2 /Applications/MAMP/htdocs/POSBangExam/system/CodeIgniter.php(333): CodeIgniter\CodeIgniter->handleRequest(NULL, Object(Config\Cache), false)
#3 /Applications/MAMP/htdocs/POSBangExam/index.php(44): CodeIgniter\CodeIgniter->run()
#4 {main}
CRITICAL - 2021-03-06 02:52:21 --> Function name must be a string
#0 /Applications/MAMP/htdocs/POSBangExam/system/CodeIgniter.php(936): App\Controllers\Checkout->index()
#1 /Applications/MAMP/htdocs/POSBangExam/system/CodeIgniter.php(432): CodeIgniter\CodeIgniter->runController(Object(App\Controllers\Checkout))
#2 /Applications/MAMP/htdocs/POSBangExam/system/CodeIgniter.php(333): CodeIgniter\CodeIgniter->handleRequest(NULL, Object(Config\Cache), false)
#3 /Applications/MAMP/htdocs/POSBangExam/index.php(44): CodeIgniter\CodeIgniter->run()
#4 {main}
CRITICAL - 2021-03-06 02:52:21 --> Function name must be a string
#0 /Applications/MAMP/htdocs/POSBangExam/system/CodeIgniter.php(936): App\Controllers\Checkout->index()
#1 /Applications/MAMP/htdocs/POSBangExam/system/CodeIgniter.php(432): CodeIgniter\CodeIgniter->runController(Object(App\Controllers\Checkout))
#2 /Applications/MAMP/htdocs/POSBangExam/system/CodeIgniter.php(333): CodeIgniter\CodeIgniter->handleRequest(NULL, Object(Config\Cache), false)
#3 /Applications/MAMP/htdocs/POSBangExam/index.php(44): CodeIgniter\CodeIgniter->run()
#4 {main}
CRITICAL - 2021-03-06 02:53:01 --> Function name must be a string
#0 /Applications/MAMP/htdocs/POSBangExam/system/CodeIgniter.php(936): App\Controllers\Checkout->index()
#1 /Applications/MAMP/htdocs/POSBangExam/system/CodeIgniter.php(432): CodeIgniter\CodeIgniter->runController(Object(App\Controllers\Checkout))
#2 /Applications/MAMP/htdocs/POSBangExam/system/CodeIgniter.php(333): CodeIgniter\CodeIgniter->handleRequest(NULL, Object(Config\Cache), false)
#3 /Applications/MAMP/htdocs/POSBangExam/index.php(44): CodeIgniter\CodeIgniter->run()
#4 {main}
CRITICAL - 2021-03-06 03:15:56 --> Undefined variable: menuModel
#0 /Applications/MAMP/htdocs/POSBangExam/app/Controllers/Checkout.php(14): CodeIgniter\Debug\Exceptions->errorHandler(8, 'Undefined varia...', '/Applications/M...', 14, Array)
#1 /Applications/MAMP/htdocs/POSBangExam/system/CodeIgniter.php(936): App\Controllers\Checkout->index()
#2 /Applications/MAMP/htdocs/POSBangExam/system/CodeIgniter.php(432): CodeIgniter\CodeIgniter->runController(Object(App\Controllers\Checkout))
#3 /Applications/MAMP/htdocs/POSBangExam/system/CodeIgniter.php(333): CodeIgniter\CodeIgniter->handleRequest(NULL, Object(Config\Cache), false)
#4 /Applications/MAMP/htdocs/POSBangExam/index.php(44): CodeIgniter\CodeIgniter->run()
#5 {main}
CRITICAL - 2021-03-06 03:16:17 --> Undefined variable: table
#0 /Applications/MAMP/htdocs/POSBangExam/app/Models/MenuModel.php(17): CodeIgniter\Debug\Exceptions->errorHandler(8, 'Undefined varia...', '/Applications/M...', 17, Array)
#1 /Applications/MAMP/htdocs/POSBangExam/app/Controllers/Checkout.php(15): App\Models\MenuModel->fetch_checkout_data(Array)
#2 /Applications/MAMP/htdocs/POSBangExam/system/CodeIgniter.php(936): App\Controllers\Checkout->index()
#3 /Applications/MAMP/htdocs/POSBangExam/system/CodeIgniter.php(432): CodeIgniter\CodeIgniter->runController(Object(App\Controllers\Checkout))
#4 /Applications/MAMP/htdocs/POSBangExam/system/CodeIgniter.php(333): CodeIgniter\CodeIgniter->handleRequest(NULL, Object(Config\Cache), false)
#5 /Applications/MAMP/htdocs/POSBangExam/index.php(44): CodeIgniter\CodeIgniter->run()
#6 {main}
CRITICAL - 2021-03-06 03:26:31 --> Undefined offset: 0
#0 /Applications/MAMP/htdocs/POSBangExam/app/Controllers/Checkout.php(28): CodeIgniter\Debug\Exceptions->errorHandler(8, 'Undefined offse...', '/Applications/M...', 28, Array)
#1 /Applications/MAMP/htdocs/POSBangExam/system/CodeIgniter.php(936): App\Controllers\Checkout->index()
#2 /Applications/MAMP/htdocs/POSBangExam/system/CodeIgniter.php(432): CodeIgniter\CodeIgniter->runController(Object(App\Controllers\Checkout))
#3 /Applications/MAMP/htdocs/POSBangExam/system/CodeIgniter.php(333): CodeIgniter\CodeIgniter->handleRequest(NULL, Object(Config\Cache), false)
#4 /Applications/MAMP/htdocs/POSBangExam/index.php(44): CodeIgniter\CodeIgniter->run()
#5 {main}
CRITICAL - 2021-03-06 04:09:08 --> Call to undefined function App\Controllers\vardump()
#0 /Applications/MAMP/htdocs/POSBangExam/system/CodeIgniter.php(936): App\Controllers\Checkout->change_quantity()
#1 /Applications/MAMP/htdocs/POSBangExam/system/CodeIgniter.php(432): CodeIgniter\CodeIgniter->runController(Object(App\Controllers\Checkout))
#2 /Applications/MAMP/htdocs/POSBangExam/system/CodeIgniter.php(333): CodeIgniter\CodeIgniter->handleRequest(NULL, Object(Config\Cache), false)
#3 /Applications/MAMP/htdocs/POSBangExam/index.php(44): CodeIgniter\CodeIgniter->run()
#4 {main}
CRITICAL - 2021-03-06 19:16:12 --> setcookie() expects parameter 2 to be string, array given
#0 [internal function]: CodeIgniter\Debug\Exceptions->errorHandler(2, 'setcookie() exp...', '/Applications/M...', 26, Array)
#1 /Applications/MAMP/htdocs/POSBangExam/app/Controllers/Checkout.php(26): setcookie('current_orders', Array)
#2 /Applications/MAMP/htdocs/POSBangExam/system/CodeIgniter.php(936): App\Controllers\Checkout->change_quantity()
#3 /Applications/MAMP/htdocs/POSBangExam/system/CodeIgniter.php(432): CodeIgniter\CodeIgniter->runController(Object(App\Controllers\Checkout))
#4 /Applications/MAMP/htdocs/POSBangExam/system/CodeIgniter.php(333): CodeIgniter\CodeIgniter->handleRequest(NULL, Object(Config\Cache), false)
#5 /Applications/MAMP/htdocs/POSBangExam/index.php(44): CodeIgniter\CodeIgniter->run()
#6 {main}
CRITICAL - 2021-03-06 19:24:04 --> A non well formed numeric value encountered
#0 /Applications/MAMP/htdocs/POSBangExam/app/Controllers/Checkout.php(46): CodeIgniter\Debug\Exceptions->errorHandler(8, 'A non well form...', '/Applications/M...', 46, Array)
#1 /Applications/MAMP/htdocs/POSBangExam/app/Controllers/Checkout.php(24): App\Controllers\Checkout->fetch_orders(Array)
#2 /Applications/MAMP/htdocs/POSBangExam/system/CodeIgniter.php(936): App\Controllers\Checkout->change_quantity()
#3 /Applications/MAMP/htdocs/POSBangExam/system/CodeIgniter.php(432): CodeIgniter\CodeIgniter->runController(Object(App\Controllers\Checkout))
#4 /Applications/MAMP/htdocs/POSBangExam/system/CodeIgniter.php(333): CodeIgniter\CodeIgniter->handleRequest(NULL, Object(Config\Cache), false)
#5 /Applications/MAMP/htdocs/POSBangExam/index.php(44): CodeIgniter\CodeIgniter->run()
#6 {main}
CRITICAL - 2021-03-06 19:25:54 --> A non well formed numeric value encountered
#0 /Applications/MAMP/htdocs/POSBangExam/app/Controllers/Checkout.php(46): CodeIgniter\Debug\Exceptions->errorHandler(8, 'A non well form...', '/Applications/M...', 46, Array)
#1 /Applications/MAMP/htdocs/POSBangExam/app/Controllers/Checkout.php(24): App\Controllers\Checkout->fetch_orders(Array)
#2 /Applications/MAMP/htdocs/POSBangExam/system/CodeIgniter.php(936): App\Controllers\Checkout->change_quantity()
#3 /Applications/MAMP/htdocs/POSBangExam/system/CodeIgniter.php(432): CodeIgniter\CodeIgniter->runController(Object(App\Controllers\Checkout))
#4 /Applications/MAMP/htdocs/POSBangExam/system/CodeIgniter.php(333): CodeIgniter\CodeIgniter->handleRequest(NULL, Object(Config\Cache), false)
#5 /Applications/MAMP/htdocs/POSBangExam/index.php(44): CodeIgniter\CodeIgniter->run()
#6 {main}
CRITICAL - 2021-03-06 19:27:06 --> A non well formed numeric value encountered
#0 /Applications/MAMP/htdocs/POSBangExam/app/Controllers/Checkout.php(47): CodeIgniter\Debug\Exceptions->errorHandler(8, 'A non well form...', '/Applications/M...', 47, Array)
#1 /Applications/MAMP/htdocs/POSBangExam/app/Controllers/Checkout.php(24): App\Controllers\Checkout->fetch_orders(Array)
#2 /Applications/MAMP/htdocs/POSBangExam/system/CodeIgniter.php(936): App\Controllers\Checkout->change_quantity()
#3 /Applications/MAMP/htdocs/POSBangExam/system/CodeIgniter.php(432): CodeIgniter\CodeIgniter->runController(Object(App\Controllers\Checkout))
#4 /Applications/MAMP/htdocs/POSBangExam/system/CodeIgniter.php(333): CodeIgniter\CodeIgniter->handleRequest(NULL, Object(Config\Cache), false)
#5 /Applications/MAMP/htdocs/POSBangExam/index.php(44): CodeIgniter\CodeIgniter->run()
#6 {main}
CRITICAL - 2021-03-06 19:28:47 --> A non well formed numeric value encountered
#0 /Applications/MAMP/htdocs/POSBangExam/app/Controllers/Checkout.php(47): CodeIgniter\Debug\Exceptions->errorHandler(8, 'A non well form...', '/Applications/M...', 47, Array)
#1 /Applications/MAMP/htdocs/POSBangExam/app/Controllers/Checkout.php(24): App\Controllers\Checkout->fetch_orders(Array)
#2 /Applications/MAMP/htdocs/POSBangExam/system/CodeIgniter.php(936): App\Controllers\Checkout->change_quantity()
#3 /Applications/MAMP/htdocs/POSBangExam/system/CodeIgniter.php(432): CodeIgniter\CodeIgniter->runController(Object(App\Controllers\Checkout))
#4 /Applications/MAMP/htdocs/POSBangExam/system/CodeIgniter.php(333): CodeIgniter\CodeIgniter->handleRequest(NULL, Object(Config\Cache), false)
#5 /Applications/MAMP/htdocs/POSBangExam/index.php(44): CodeIgniter\CodeIgniter->run()
#6 {main}
CRITICAL - 2021-03-06 19:29:22 --> A non well formed numeric value encountered
#0 /Applications/MAMP/htdocs/POSBangExam/app/Controllers/Checkout.php(47): CodeIgniter\Debug\Exceptions->errorHandler(8, 'A non well form...', '/Applications/M...', 47, Array)
#1 /Applications/MAMP/htdocs/POSBangExam/app/Controllers/Checkout.php(24): App\Controllers\Checkout->fetch_orders(Array)
#2 /Applications/MAMP/htdocs/POSBangExam/system/CodeIgniter.php(936): App\Controllers\Checkout->change_quantity()
#3 /Applications/MAMP/htdocs/POSBangExam/system/CodeIgniter.php(432): CodeIgniter\CodeIgniter->runController(Object(App\Controllers\Checkout))
#4 /Applications/MAMP/htdocs/POSBangExam/system/CodeIgniter.php(333): CodeIgniter\CodeIgniter->handleRequest(NULL, Object(Config\Cache), false)
#5 /Applications/MAMP/htdocs/POSBangExam/index.php(44): CodeIgniter\CodeIgniter->run()
#6 {main}
CRITICAL - 2021-03-06 19:29:44 --> A non well formed numeric value encountered
#0 /Applications/MAMP/htdocs/POSBangExam/app/Controllers/Checkout.php(49): CodeIgniter\Debug\Exceptions->errorHandler(8, 'A non well form...', '/Applications/M...', 49, Array)
#1 /Applications/MAMP/htdocs/POSBangExam/app/Controllers/Checkout.php(15): App\Controllers\Checkout->fetch_orders(Array)
#2 /Applications/MAMP/htdocs/POSBangExam/system/CodeIgniter.php(936): App\Controllers\Checkout->index()
#3 /Applications/MAMP/htdocs/POSBangExam/system/CodeIgniter.php(432): CodeIgniter\CodeIgniter->runController(Object(App\Controllers\Checkout))
#4 /Applications/MAMP/htdocs/POSBangExam/system/CodeIgniter.php(333): CodeIgniter\CodeIgniter->handleRequest(NULL, Object(Config\Cache), false)
#5 /Applications/MAMP/htdocs/POSBangExam/index.php(44): CodeIgniter\CodeIgniter->run()
#6 {main}
CRITICAL - 2021-03-06 19:30:20 --> A non well formed numeric value encountered
#0 /Applications/MAMP/htdocs/POSBangExam/app/Controllers/Checkout.php(49): CodeIgniter\Debug\Exceptions->errorHandler(8, 'A non well form...', '/Applications/M...', 49, Array)
#1 /Applications/MAMP/htdocs/POSBangExam/app/Controllers/Checkout.php(15): App\Controllers\Checkout->fetch_orders(Array)
#2 /Applications/MAMP/htdocs/POSBangExam/system/CodeIgniter.php(936): App\Controllers\Checkout->index()
#3 /Applications/MAMP/htdocs/POSBangExam/system/CodeIgniter.php(432): CodeIgniter\CodeIgniter->runController(Object(App\Controllers\Checkout))
#4 /Applications/MAMP/htdocs/POSBangExam/system/CodeIgniter.php(333): CodeIgniter\CodeIgniter->handleRequest(NULL, Object(Config\Cache), false)
#5 /Applications/MAMP/htdocs/POSBangExam/index.php(44): CodeIgniter\CodeIgniter->run()
#6 {main}
CRITICAL - 2021-03-06 19:30:21 --> A non well formed numeric value encountered
#0 /Applications/MAMP/htdocs/POSBangExam/app/Controllers/Checkout.php(49): CodeIgniter\Debug\Exceptions->errorHandler(8, 'A non well form...', '/Applications/M...', 49, Array)
#1 /Applications/MAMP/htdocs/POSBangExam/app/Controllers/Checkout.php(15): App\Controllers\Checkout->fetch_orders(Array)
#2 /Applications/MAMP/htdocs/POSBangExam/system/CodeIgniter.php(936): App\Controllers\Checkout->index()
#3 /Applications/MAMP/htdocs/POSBangExam/system/CodeIgniter.php(432): CodeIgniter\CodeIgniter->runController(Object(App\Controllers\Checkout))
#4 /Applications/MAMP/htdocs/POSBangExam/system/CodeIgniter.php(333): CodeIgniter\CodeIgniter->handleRequest(NULL, Object(Config\Cache), false)
#5 /Applications/MAMP/htdocs/POSBangExam/index.php(44): CodeIgniter\CodeIgniter->run()
#6 {main}
CRITICAL - 2021-03-06 19:30:21 --> A non well formed numeric value encountered
#0 /Applications/MAMP/htdocs/POSBangExam/app/Controllers/Checkout.php(49): CodeIgniter\Debug\Exceptions->errorHandler(8, 'A non well form...', '/Applications/M...', 49, Array)
#1 /Applications/MAMP/htdocs/POSBangExam/app/Controllers/Checkout.php(15): App\Controllers\Checkout->fetch_orders(Array)
#2 /Applications/MAMP/htdocs/POSBangExam/system/CodeIgniter.php(936): App\Controllers\Checkout->index()
#3 /Applications/MAMP/htdocs/POSBangExam/system/CodeIgniter.php(432): CodeIgniter\CodeIgniter->runController(Object(App\Controllers\Checkout))
#4 /Applications/MAMP/htdocs/POSBangExam/system/CodeIgniter.php(333): CodeIgniter\CodeIgniter->handleRequest(NULL, Object(Config\Cache), false)
#5 /Applications/MAMP/htdocs/POSBangExam/index.php(44): CodeIgniter\CodeIgniter->run()
#6 {main}
CRITICAL - 2021-03-06 19:30:21 --> A non well formed numeric value encountered
#0 /Applications/MAMP/htdocs/POSBangExam/app/Controllers/Checkout.php(49): CodeIgniter\Debug\Exceptions->errorHandler(8, 'A non well form...', '/Applications/M...', 49, Array)
#1 /Applications/MAMP/htdocs/POSBangExam/app/Controllers/Checkout.php(15): App\Controllers\Checkout->fetch_orders(Array)
#2 /Applications/MAMP/htdocs/POSBangExam/system/CodeIgniter.php(936): App\Controllers\Checkout->index()
#3 /Applications/MAMP/htdocs/POSBangExam/system/CodeIgniter.php(432): CodeIgniter\CodeIgniter->runController(Object(App\Controllers\Checkout))
#4 /Applications/MAMP/htdocs/POSBangExam/system/CodeIgniter.php(333): CodeIgniter\CodeIgniter->handleRequest(NULL, Object(Config\Cache), false)
#5 /Applications/MAMP/htdocs/POSBangExam/index.php(44): CodeIgniter\CodeIgniter->run()
#6 {main}
CRITICAL - 2021-03-06 19:31:11 --> A non well formed numeric value encountered
#0 /Applications/MAMP/htdocs/POSBangExam/app/Controllers/Checkout.php(49): CodeIgniter\Debug\Exceptions->errorHandler(8, 'A non well form...', '/Applications/M...', 49, Array)
#1 /Applications/MAMP/htdocs/POSBangExam/app/Controllers/Checkout.php(15): App\Controllers\Checkout->fetch_orders(Array)
#2 /Applications/MAMP/htdocs/POSBangExam/system/CodeIgniter.php(936): App\Controllers\Checkout->index()
#3 /Applications/MAMP/htdocs/POSBangExam/system/CodeIgniter.php(432): CodeIgniter\CodeIgniter->runController(Object(App\Controllers\Checkout))
#4 /Applications/MAMP/htdocs/POSBangExam/system/CodeIgniter.php(333): CodeIgniter\CodeIgniter->handleRequest(NULL, Object(Config\Cache), false)
#5 /Applications/MAMP/htdocs/POSBangExam/index.php(44): CodeIgniter\CodeIgniter->run()
#6 {main}
CRITICAL - 2021-03-06 19:54:41 --> Undefined index: current_orders
#0 /Applications/MAMP/htdocs/POSBangExam/app/Controllers/Checkout.php(14): CodeIgniter\Debug\Exceptions->errorHandler(8, 'Undefined index...', '/Applications/M...', 14, Array)
#1 /Applications/MAMP/htdocs/POSBangExam/system/CodeIgniter.php(936): App\Controllers\Checkout->index()
#2 /Applications/MAMP/htdocs/POSBangExam/system/CodeIgniter.php(432): CodeIgniter\CodeIgniter->runController(Object(App\Controllers\Checkout))
#3 /Applications/MAMP/htdocs/POSBangExam/system/CodeIgniter.php(333): CodeIgniter\CodeIgniter->handleRequest(NULL, Object(Config\Cache), false)
#4 /Applications/MAMP/htdocs/POSBangExam/index.php(44): CodeIgniter\CodeIgniter->run()
#5 {main}
CRITICAL - 2021-03-06 19:54:46 --> Undefined index: current_orders
#0 /Applications/MAMP/htdocs/POSBangExam/app/Controllers/Checkout.php(14): CodeIgniter\Debug\Exceptions->errorHandler(8, 'Undefined index...', '/Applications/M...', 14, Array)
#1 /Applications/MAMP/htdocs/POSBangExam/system/CodeIgniter.php(936): App\Controllers\Checkout->index()
#2 /Applications/MAMP/htdocs/POSBangExam/system/CodeIgniter.php(432): CodeIgniter\CodeIgniter->runController(Object(App\Controllers\Checkout))
#3 /Applications/MAMP/htdocs/POSBangExam/system/CodeIgniter.php(333): CodeIgniter\CodeIgniter->handleRequest(NULL, Object(Config\Cache), false)
#4 /Applications/MAMP/htdocs/POSBangExam/index.php(44): CodeIgniter\CodeIgniter->run()
#5 {main}
CRITICAL - 2021-03-06 19:54:46 --> Undefined index: current_orders
#0 /Applications/MAMP/htdocs/POSBangExam/app/Controllers/Checkout.php(14): CodeIgniter\Debug\Exceptions->errorHandler(8, 'Undefined index...', '/Applications/M...', 14, Array)
#1 /Applications/MAMP/htdocs/POSBangExam/system/CodeIgniter.php(936): App\Controllers\Checkout->index()
#2 /Applications/MAMP/htdocs/POSBangExam/system/CodeIgniter.php(432): CodeIgniter\CodeIgniter->runController(Object(App\Controllers\Checkout))
#3 /Applications/MAMP/htdocs/POSBangExam/system/CodeIgniter.php(333): CodeIgniter\CodeIgniter->handleRequest(NULL, Object(Config\Cache), false)
#4 /Applications/MAMP/htdocs/POSBangExam/index.php(44): CodeIgniter\CodeIgniter->run()
#5 {main}
CRITICAL - 2021-03-06 19:54:46 --> Undefined index: current_orders
#0 /Applications/MAMP/htdocs/POSBangExam/app/Controllers/Checkout.php(14): CodeIgniter\Debug\Exceptions->errorHandler(8, 'Undefined index...', '/Applications/M...', 14, Array)
#1 /Applications/MAMP/htdocs/POSBangExam/system/CodeIgniter.php(936): App\Controllers\Checkout->index()
#2 /Applications/MAMP/htdocs/POSBangExam/system/CodeIgniter.php(432): CodeIgniter\CodeIgniter->runController(Object(App\Controllers\Checkout))
#3 /Applications/MAMP/htdocs/POSBangExam/system/CodeIgniter.php(333): CodeIgniter\CodeIgniter->handleRequest(NULL, Object(Config\Cache), false)
#4 /Applications/MAMP/htdocs/POSBangExam/index.php(44): CodeIgniter\CodeIgniter->run()
#5 {main}
CRITICAL - 2021-03-06 19:54:47 --> Undefined index: current_orders
#0 /Applications/MAMP/htdocs/POSBangExam/app/Controllers/Checkout.php(14): CodeIgniter\Debug\Exceptions->errorHandler(8, 'Undefined index...', '/Applications/M...', 14, Array)
#1 /Applications/MAMP/htdocs/POSBangExam/system/CodeIgniter.php(936): App\Controllers\Checkout->index()
#2 /Applications/MAMP/htdocs/POSBangExam/system/CodeIgniter.php(432): CodeIgniter\CodeIgniter->runController(Object(App\Controllers\Checkout))
#3 /Applications/MAMP/htdocs/POSBangExam/system/CodeIgniter.php(333): CodeIgniter\CodeIgniter->handleRequest(NULL, Object(Config\Cache), false)
#4 /Applications/MAMP/htdocs/POSBangExam/index.php(44): CodeIgniter\CodeIgniter->run()
#5 {main}
CRITICAL - 2021-03-06 19:54:47 --> Undefined index: current_orders
#0 /Applications/MAMP/htdocs/POSBangExam/app/Controllers/Checkout.php(14): CodeIgniter\Debug\Exceptions->errorHandler(8, 'Undefined index...', '/Applications/M...', 14, Array)
#1 /Applications/MAMP/htdocs/POSBangExam/system/CodeIgniter.php(936): App\Controllers\Checkout->index()
#2 /Applications/MAMP/htdocs/POSBangExam/system/CodeIgniter.php(432): CodeIgniter\CodeIgniter->runController(Object(App\Controllers\Checkout))
#3 /Applications/MAMP/htdocs/POSBangExam/system/CodeIgniter.php(333): CodeIgniter\CodeIgniter->handleRequest(NULL, Object(Config\Cache), false)
#4 /Applications/MAMP/htdocs/POSBangExam/index.php(44): CodeIgniter\CodeIgniter->run()
#5 {main}
CRITICAL - 2021-03-06 19:54:47 --> Undefined index: current_orders
#0 /Applications/MAMP/htdocs/POSBangExam/app/Controllers/Checkout.php(14): CodeIgniter\Debug\Exceptions->errorHandler(8, 'Undefined index...', '/Applications/M...', 14, Array)
#1 /Applications/MAMP/htdocs/POSBangExam/system/CodeIgniter.php(936): App\Controllers\Checkout->index()
#2 /Applications/MAMP/htdocs/POSBangExam/system/CodeIgniter.php(432): CodeIgniter\CodeIgniter->runController(Object(App\Controllers\Checkout))
#3 /Applications/MAMP/htdocs/POSBangExam/system/CodeIgniter.php(333): CodeIgniter\CodeIgniter->handleRequest(NULL, Object(Config\Cache), false)
#4 /Applications/MAMP/htdocs/POSBangExam/index.php(44): CodeIgniter\CodeIgniter->run()
#5 {main}
CRITICAL - 2021-03-06 19:54:47 --> Undefined index: current_orders
#0 /Applications/MAMP/htdocs/POSBangExam/app/Controllers/Checkout.php(14): CodeIgniter\Debug\Exceptions->errorHandler(8, 'Undefined index...', '/Applications/M...', 14, Array)
#1 /Applications/MAMP/htdocs/POSBangExam/system/CodeIgniter.php(936): App\Controllers\Checkout->index()
#2 /Applications/MAMP/htdocs/POSBangExam/system/CodeIgniter.php(432): CodeIgniter\CodeIgniter->runController(Object(App\Controllers\Checkout))
#3 /Applications/MAMP/htdocs/POSBangExam/system/CodeIgniter.php(333): CodeIgniter\CodeIgniter->handleRequest(NULL, Object(Config\Cache), false)
#4 /Applications/MAMP/htdocs/POSBangExam/index.php(44): CodeIgniter\CodeIgniter->run()
#5 {main}
CRITICAL - 2021-03-06 19:54:47 --> Undefined index: current_orders
#0 /Applications/MAMP/htdocs/POSBangExam/app/Controllers/Checkout.php(14): CodeIgniter\Debug\Exceptions->errorHandler(8, 'Undefined index...', '/Applications/M...', 14, Array)
#1 /Applications/MAMP/htdocs/POSBangExam/system/CodeIgniter.php(936): App\Controllers\Checkout->index()
#2 /Applications/MAMP/htdocs/POSBangExam/system/CodeIgniter.php(432): CodeIgniter\CodeIgniter->runController(Object(App\Controllers\Checkout))
#3 /Applications/MAMP/htdocs/POSBangExam/system/CodeIgniter.php(333): CodeIgniter\CodeIgniter->handleRequest(NULL, Object(Config\Cache), false)
#4 /Applications/MAMP/htdocs/POSBangExam/index.php(44): CodeIgniter\CodeIgniter->run()
#5 {main}
CRITICAL - 2021-03-06 19:54:48 --> Undefined index: current_orders
#0 /Applications/MAMP/htdocs/POSBangExam/app/Controllers/Checkout.php(14): CodeIgniter\Debug\Exceptions->errorHandler(8, 'Undefined index...', '/Applications/M...', 14, Array)
#1 /Applications/MAMP/htdocs/POSBangExam/system/CodeIgniter.php(936): App\Controllers\Checkout->index()
#2 /Applications/MAMP/htdocs/POSBangExam/system/CodeIgniter.php(432): CodeIgniter\CodeIgniter->runController(Object(App\Controllers\Checkout))
#3 /Applications/MAMP/htdocs/POSBangExam/system/CodeIgniter.php(333): CodeIgniter\CodeIgniter->handleRequest(NULL, Object(Config\Cache), false)
#4 /Applications/MAMP/htdocs/POSBangExam/index.php(44): CodeIgniter\CodeIgniter->run()
#5 {main}
CRITICAL - 2021-03-06 19:54:48 --> Undefined index: current_orders
#0 /Applications/MAMP/htdocs/POSBangExam/app/Controllers/Checkout.php(14): CodeIgniter\Debug\Exceptions->errorHandler(8, 'Undefined index...', '/Applications/M...', 14, Array)
#1 /Applications/MAMP/htdocs/POSBangExam/system/CodeIgniter.php(936): App\Controllers\Checkout->index()
#2 /Applications/MAMP/htdocs/POSBangExam/system/CodeIgniter.php(432): CodeIgniter\CodeIgniter->runController(Object(App\Controllers\Checkout))
#3 /Applications/MAMP/htdocs/POSBangExam/system/CodeIgniter.php(333): CodeIgniter\CodeIgniter->handleRequest(NULL, Object(Config\Cache), false)
#4 /Applications/MAMP/htdocs/POSBangExam/index.php(44): CodeIgniter\CodeIgniter->run()
#5 {main}
CRITICAL - 2021-03-06 19:54:48 --> Undefined index: current_orders
#0 /Applications/MAMP/htdocs/POSBangExam/app/Controllers/Checkout.php(14): CodeIgniter\Debug\Exceptions->errorHandler(8, 'Undefined index...', '/Applications/M...', 14, Array)
#1 /Applications/MAMP/htdocs/POSBangExam/system/CodeIgniter.php(936): App\Controllers\Checkout->index()
#2 /Applications/MAMP/htdocs/POSBangExam/system/CodeIgniter.php(432): CodeIgniter\CodeIgniter->runController(Object(App\Controllers\Checkout))
#3 /Applications/MAMP/htdocs/POSBangExam/system/CodeIgniter.php(333): CodeIgniter\CodeIgniter->handleRequest(NULL, Object(Config\Cache), false)
#4 /Applications/MAMP/htdocs/POSBangExam/index.php(44): CodeIgniter\CodeIgniter->run()
#5 {main}
CRITICAL - 2021-03-06 19:54:48 --> Undefined index: current_orders
#0 /Applications/MAMP/htdocs/POSBangExam/app/Controllers/Checkout.php(14): CodeIgniter\Debug\Exceptions->errorHandler(8, 'Undefined index...', '/Applications/M...', 14, Array)
#1 /Applications/MAMP/htdocs/POSBangExam/system/CodeIgniter.php(936): App\Controllers\Checkout->index()
#2 /Applications/MAMP/htdocs/POSBangExam/system/CodeIgniter.php(432): CodeIgniter\CodeIgniter->runController(Object(App\Controllers\Checkout))
#3 /Applications/MAMP/htdocs/POSBangExam/system/CodeIgniter.php(333): CodeIgniter\CodeIgniter->handleRequest(NULL, Object(Config\Cache), false)
#4 /Applications/MAMP/htdocs/POSBangExam/index.php(44): CodeIgniter\CodeIgniter->run()
#5 {main}
CRITICAL - 2021-03-06 20:34:14 --> Undefined variable: request
#0 /Applications/MAMP/htdocs/POSBangExam/app/Controllers/Checkout.php(23): CodeIgniter\Debug\Exceptions->errorHandler(8, 'Undefined varia...', '/Applications/M...', 23, Array)
#1 /Applications/MAMP/htdocs/POSBangExam/system/CodeIgniter.php(936): App\Controllers\Checkout->change_quantity()
#2 /Applications/MAMP/htdocs/POSBangExam/system/CodeIgniter.php(432): CodeIgniter\CodeIgniter->runController(Object(App\Controllers\Checkout))
#3 /Applications/MAMP/htdocs/POSBangExam/system/CodeIgniter.php(333): CodeIgniter\CodeIgniter->handleRequest(NULL, Object(Config\Cache), false)
#4 /Applications/MAMP/htdocs/POSBangExam/index.php(44): CodeIgniter\CodeIgniter->run()
#5 {main}
CRITICAL - 2021-03-06 20:34:32 --> Undefined variable: request
#0 /Applications/MAMP/htdocs/POSBangExam/app/Controllers/Checkout.php(24): CodeIgniter\Debug\Exceptions->errorHandler(8, 'Undefined varia...', '/Applications/M...', 24, Array)
#1 /Applications/MAMP/htdocs/POSBangExam/system/CodeIgniter.php(936): App\Controllers\Checkout->change_quantity()
#2 /Applications/MAMP/htdocs/POSBangExam/system/CodeIgniter.php(432): CodeIgniter\CodeIgniter->runController(Object(App\Controllers\Checkout))
#3 /Applications/MAMP/htdocs/POSBangExam/system/CodeIgniter.php(333): CodeIgniter\CodeIgniter->handleRequest(NULL, Object(Config\Cache), false)
#4 /Applications/MAMP/htdocs/POSBangExam/index.php(44): CodeIgniter\CodeIgniter->run()
#5 {main}
CRITICAL - 2021-03-06 20:35:10 --> Undefined variable: request
#0 /Applications/MAMP/htdocs/POSBangExam/app/Controllers/Checkout.php(25): CodeIgniter\Debug\Exceptions->errorHandler(8, 'Undefined varia...', '/Applications/M...', 25, Array)
#1 /Applications/MAMP/htdocs/POSBangExam/system/CodeIgniter.php(936): App\Controllers\Checkout->change_quantity()
#2 /Applications/MAMP/htdocs/POSBangExam/system/CodeIgniter.php(432): CodeIgniter\CodeIgniter->runController(Object(App\Controllers\Checkout))
#3 /Applications/MAMP/htdocs/POSBangExam/system/CodeIgniter.php(333): CodeIgniter\CodeIgniter->handleRequest(NULL, Object(Config\Cache), false)
#4 /Applications/MAMP/htdocs/POSBangExam/index.php(44): CodeIgniter\CodeIgniter->run()
#5 {main}
ERROR - 2021-03-06 22:42:44 --> mysqli_sql_exception: Unknown column 'code' in 'where clause' in /Applications/MAMP/htdocs/POSBangExam/system/Database/MySQLi/Connection.php:314
Stack trace:
#0 /Applications/MAMP/htdocs/POSBangExam/system/Database/MySQLi/Connection.php(314): mysqli->query('SELECT *\nFROM `...')
#1 /Applications/MAMP/htdocs/POSBangExam/system/Database/BaseConnection.php(713): CodeIgniter\Database\MySQLi\Connection->execute('SELECT *\nFROM `...')
#2 /Applications/MAMP/htdocs/POSBangExam/system/Database/BaseConnection.php(641): CodeIgniter\Database\BaseConnection->simpleQuery('SELECT *\nFROM `...')
#3 /Applications/MAMP/htdocs/POSBangExam/system/Database/BaseBuilder.php(1866): CodeIgniter\Database\BaseConnection->query('SELECT *\nFROM `...', Array, false)
#4 /Applications/MAMP/htdocs/POSBangExam/app/Models/MenuModel.php(28): CodeIgniter\Database\BaseBuilder->get()
#5 /Applications/MAMP/htdocs/POSBangExam/app/Controllers/Checkout.php(33): App\Models\MenuModel->validate_coupon('qwerty')
#6 /Applications/MAMP/htdocs/POSBangExam/system/CodeIgniter.php(936): App\Controllers\Checkout->validate_coupon()
#7 /Applications/MAMP/htdocs/POSBangExam/system/CodeIgniter.php(432): CodeIgniter\CodeIgniter->runController(Object(App\Controllers\Checkout))
#8 /Applications/MAMP/htdocs/POSBangExam/system/CodeIgniter.php(333): CodeIgniter\CodeIgniter->handleRequest(NULL, Object(Config\Cache), false)
#9 /Applications/MAMP/htdocs/POSBangExam/index.php(44): CodeIgniter\CodeIgniter->run()
#10 {main}
CRITICAL - 2021-03-06 22:42:44 --> Unknown column 'code' in 'where clause'
#0 /Applications/MAMP/htdocs/POSBangExam/system/Database/MySQLi/Connection.php(314): mysqli->query('SELECT *\nFROM `...')
#1 /Applications/MAMP/htdocs/POSBangExam/system/Database/BaseConnection.php(713): CodeIgniter\Database\MySQLi\Connection->execute('SELECT *\nFROM `...')
#2 /Applications/MAMP/htdocs/POSBangExam/system/Database/BaseConnection.php(641): CodeIgniter\Database\BaseConnection->simpleQuery('SELECT *\nFROM `...')
#3 /Applications/MAMP/htdocs/POSBangExam/system/Database/BaseBuilder.php(1866): CodeIgniter\Database\BaseConnection->query('SELECT *\nFROM `...', Array, false)
#4 /Applications/MAMP/htdocs/POSBangExam/app/Models/MenuModel.php(28): CodeIgniter\Database\BaseBuilder->get()
#5 /Applications/MAMP/htdocs/POSBangExam/app/Controllers/Checkout.php(33): App\Models\MenuModel->validate_coupon('qwerty')
#6 /Applications/MAMP/htdocs/POSBangExam/system/CodeIgniter.php(936): App\Controllers\Checkout->validate_coupon()
#7 /Applications/MAMP/htdocs/POSBangExam/system/CodeIgniter.php(432): CodeIgniter\CodeIgniter->runController(Object(App\Controllers\Checkout))
#8 /Applications/MAMP/htdocs/POSBangExam/system/CodeIgniter.php(333): CodeIgniter\CodeIgniter->handleRequest(NULL, Object(Config\Cache), false)
#9 /Applications/MAMP/htdocs/POSBangExam/index.php(44): CodeIgniter\CodeIgniter->run()
#10 {main}
CRITICAL - 2021-03-06 22:48:17 --> Undefined variable: pt
#0 /Applications/MAMP/htdocs/POSBangExam/app/Controllers/Checkout.php(60): CodeIgniter\Debug\Exceptions->errorHandler(8, 'Undefined varia...', '/Applications/M...', 60, Array)
#1 /Applications/MAMP/htdocs/POSBangExam/app/Controllers/Checkout.php(15): App\Controllers\Checkout->fetch_orders(Array)
#2 /Applications/MAMP/htdocs/POSBangExam/system/CodeIgniter.php(936): App\Controllers\Checkout->index()
#3 /Applications/MAMP/htdocs/POSBangExam/system/CodeIgniter.php(432): CodeIgniter\CodeIgniter->runController(Object(App\Controllers\Checkout))
#4 /Applications/MAMP/htdocs/POSBangExam/system/CodeIgniter.php(333): CodeIgniter\CodeIgniter->handleRequest(NULL, Object(Config\Cache), false)
#5 /Applications/MAMP/htdocs/POSBangExam/index.php(44): CodeIgniter\CodeIgniter->run()
#6 {main}
CRITICAL - 2021-03-06 22:48:37 --> A non well formed numeric value encountered
#0 /Applications/MAMP/htdocs/POSBangExam/app/Controllers/Checkout.php(60): CodeIgniter\Debug\Exceptions->errorHandler(8, 'A non well form...', '/Applications/M...', 60, Array)
#1 /Applications/MAMP/htdocs/POSBangExam/app/Controllers/Checkout.php(24): App\Controllers\Checkout->fetch_orders(Array)
#2 /Applications/MAMP/htdocs/POSBangExam/system/CodeIgniter.php(936): App\Controllers\Checkout->change_quantity()
#3 /Applications/MAMP/htdocs/POSBangExam/system/CodeIgniter.php(432): CodeIgniter\CodeIgniter->runController(Object(App\Controllers\Checkout))
#4 /Applications/MAMP/htdocs/POSBangExam/system/CodeIgniter.php(333): CodeIgniter\CodeIgniter->handleRequest(NULL, Object(Config\Cache), false)
#5 /Applications/MAMP/htdocs/POSBangExam/index.php(44): CodeIgniter\CodeIgniter->run()
#6 {main}
CRITICAL - 2021-03-06 22:51:32 --> A non well formed numeric value encountered
#0 /Applications/MAMP/htdocs/POSBangExam/app/Controllers/Checkout.php(60): CodeIgniter\Debug\Exceptions->errorHandler(8, 'A non well form...', '/Applications/M...', 60, Array)
#1 /Applications/MAMP/htdocs/POSBangExam/app/Controllers/Checkout.php(15): App\Controllers\Checkout->fetch_orders(Array)
#2 /Applications/MAMP/htdocs/POSBangExam/system/CodeIgniter.php(936): App\Controllers\Checkout->index()
#3 /Applications/MAMP/htdocs/POSBangExam/system/CodeIgniter.php(432): CodeIgniter\CodeIgniter->runController(Object(App\Controllers\Checkout))
#4 /Applications/MAMP/htdocs/POSBangExam/system/CodeIgniter.php(333): CodeIgniter\CodeIgniter->handleRequest(NULL, Object(Config\Cache), false)
#5 /Applications/MAMP/htdocs/POSBangExam/index.php(44): CodeIgniter\CodeIgniter->run()
#6 {main}
CRITICAL - 2021-03-06 22:52:02 --> A non well formed numeric value encountered
#0 /Applications/MAMP/htdocs/POSBangExam/app/Controllers/Checkout.php(60): CodeIgniter\Debug\Exceptions->errorHandler(8, 'A non well form...', '/Applications/M...', 60, Array)
#1 /Applications/MAMP/htdocs/POSBangExam/app/Controllers/Checkout.php(15): App\Controllers\Checkout->fetch_orders(Array)
#2 /Applications/MAMP/htdocs/POSBangExam/system/CodeIgniter.php(936): App\Controllers\Checkout->index()
#3 /Applications/MAMP/htdocs/POSBangExam/system/CodeIgniter.php(432): CodeIgniter\CodeIgniter->runController(Object(App\Controllers\Checkout))
#4 /Applications/MAMP/htdocs/POSBangExam/system/CodeIgniter.php(333): CodeIgniter\CodeIgniter->handleRequest(NULL, Object(Config\Cache), false)
#5 /Applications/MAMP/htdocs/POSBangExam/index.php(44): CodeIgniter\CodeIgniter->run()
#6 {main}
CRITICAL - 2021-03-06 22:54:22 --> A non well formed numeric value encountered
#0 /Applications/MAMP/htdocs/POSBangExam/app/Controllers/Checkout.php(60): CodeIgniter\Debug\Exceptions->errorHandler(8, 'A non well form...', '/Applications/M...', 60, Array)
#1 /Applications/MAMP/htdocs/POSBangExam/app/Controllers/Checkout.php(15): App\Controllers\Checkout->fetch_orders(Array)
#2 /Applications/MAMP/htdocs/POSBangExam/system/CodeIgniter.php(936): App\Controllers\Checkout->index()
#3 /Applications/MAMP/htdocs/POSBangExam/system/CodeIgniter.php(432): CodeIgniter\CodeIgniter->runController(Object(App\Controllers\Checkout))
#4 /Applications/MAMP/htdocs/POSBangExam/system/CodeIgniter.php(333): CodeIgniter\CodeIgniter->handleRequest(NULL, Object(Config\Cache), false)
#5 /Applications/MAMP/htdocs/POSBangExam/index.php(44): CodeIgniter\CodeIgniter->run()
#6 {main}
CRITICAL - 2021-03-06 22:54:22 --> A non well formed numeric value encountered
#0 /Applications/MAMP/htdocs/POSBangExam/app/Controllers/Checkout.php(60): CodeIgniter\Debug\Exceptions->errorHandler(8, 'A non well form...', '/Applications/M...', 60, Array)
#1 /Applications/MAMP/htdocs/POSBangExam/app/Controllers/Checkout.php(15): App\Controllers\Checkout->fetch_orders(Array)
#2 /Applications/MAMP/htdocs/POSBangExam/system/CodeIgniter.php(936): App\Controllers\Checkout->index()
#3 /Applications/MAMP/htdocs/POSBangExam/system/CodeIgniter.php(432): CodeIgniter\CodeIgniter->runController(Object(App\Controllers\Checkout))
#4 /Applications/MAMP/htdocs/POSBangExam/system/CodeIgniter.php(333): CodeIgniter\CodeIgniter->handleRequest(NULL, Object(Config\Cache), false)
#5 /Applications/MAMP/htdocs/POSBangExam/index.php(44): CodeIgniter\CodeIgniter->run()
#6 {main}
CRITICAL - 2021-03-06 22:54:23 --> A non well formed numeric value encountered
#0 /Applications/MAMP/htdocs/POSBangExam/app/Controllers/Checkout.php(60): CodeIgniter\Debug\Exceptions->errorHandler(8, 'A non well form...', '/Applications/M...', 60, Array)
#1 /Applications/MAMP/htdocs/POSBangExam/app/Controllers/Checkout.php(15): App\Controllers\Checkout->fetch_orders(Array)
#2 /Applications/MAMP/htdocs/POSBangExam/system/CodeIgniter.php(936): App\Controllers\Checkout->index()
#3 /Applications/MAMP/htdocs/POSBangExam/system/CodeIgniter.php(432): CodeIgniter\CodeIgniter->runController(Object(App\Controllers\Checkout))
#4 /Applications/MAMP/htdocs/POSBangExam/system/CodeIgniter.php(333): CodeIgniter\CodeIgniter->handleRequest(NULL, Object(Config\Cache), false)
#5 /Applications/MAMP/htdocs/POSBangExam/index.php(44): CodeIgniter\CodeIgniter->run()
#6 {main}
CRITICAL - 2021-03-06 22:54:23 --> A non well formed numeric value encountered
#0 /Applications/MAMP/htdocs/POSBangExam/app/Controllers/Checkout.php(60): CodeIgniter\Debug\Exceptions->errorHandler(8, 'A non well form...', '/Applications/M...', 60, Array)
#1 /Applications/MAMP/htdocs/POSBangExam/app/Controllers/Checkout.php(15): App\Controllers\Checkout->fetch_orders(Array)
#2 /Applications/MAMP/htdocs/POSBangExam/system/CodeIgniter.php(936): App\Controllers\Checkout->index()
#3 /Applications/MAMP/htdocs/POSBangExam/system/CodeIgniter.php(432): CodeIgniter\CodeIgniter->runController(Object(App\Controllers\Checkout))
#4 /Applications/MAMP/htdocs/POSBangExam/system/CodeIgniter.php(333): CodeIgniter\CodeIgniter->handleRequest(NULL, Object(Config\Cache), false)
#5 /Applications/MAMP/htdocs/POSBangExam/index.php(44): CodeIgniter\CodeIgniter->run()
#6 {main}
CRITICAL - 2021-03-06 22:54:23 --> A non well formed numeric value encountered
#0 /Applications/MAMP/htdocs/POSBangExam/app/Controllers/Checkout.php(60): CodeIgniter\Debug\Exceptions->errorHandler(8, 'A non well form...', '/Applications/M...', 60, Array)
#1 /Applications/MAMP/htdocs/POSBangExam/app/Controllers/Checkout.php(15): App\Controllers\Checkout->fetch_orders(Array)
#2 /Applications/MAMP/htdocs/POSBangExam/system/CodeIgniter.php(936): App\Controllers\Checkout->index()
#3 /Applications/MAMP/htdocs/POSBangExam/system/CodeIgniter.php(432): CodeIgniter\CodeIgniter->runController(Object(App\Controllers\Checkout))
#4 /Applications/MAMP/htdocs/POSBangExam/system/CodeIgniter.php(333): CodeIgniter\CodeIgniter->handleRequest(NULL, Object(Config\Cache), false)
#5 /Applications/MAMP/htdocs/POSBangExam/index.php(44): CodeIgniter\CodeIgniter->run()
#6 {main}
CRITICAL - 2021-03-06 22:54:23 --> A non well formed numeric value encountered
#0 /Applications/MAMP/htdocs/POSBangExam/app/Controllers/Checkout.php(60): CodeIgniter\Debug\Exceptions->errorHandler(8, 'A non well form...', '/Applications/M...', 60, Array)
#1 /Applications/MAMP/htdocs/POSBangExam/app/Controllers/Checkout.php(15): App\Controllers\Checkout->fetch_orders(Array)
#2 /Applications/MAMP/htdocs/POSBangExam/system/CodeIgniter.php(936): App\Controllers\Checkout->index()
#3 /Applications/MAMP/htdocs/POSBangExam/system/CodeIgniter.php(432): CodeIgniter\CodeIgniter->runController(Object(App\Controllers\Checkout))
#4 /Applications/MAMP/htdocs/POSBangExam/system/CodeIgniter.php(333): CodeIgniter\CodeIgniter->handleRequest(NULL, Object(Config\Cache), false)
#5 /Applications/MAMP/htdocs/POSBangExam/index.php(44): CodeIgniter\CodeIgniter->run()
#6 {main}
CRITICAL - 2021-03-06 22:54:23 --> A non well formed numeric value encountered
#0 /Applications/MAMP/htdocs/POSBangExam/app/Controllers/Checkout.php(60): CodeIgniter\Debug\Exceptions->errorHandler(8, 'A non well form...', '/Applications/M...', 60, Array)
#1 /Applications/MAMP/htdocs/POSBangExam/app/Controllers/Checkout.php(15): App\Controllers\Checkout->fetch_orders(Array)
#2 /Applications/MAMP/htdocs/POSBangExam/system/CodeIgniter.php(936): App\Controllers\Checkout->index()
#3 /Applications/MAMP/htdocs/POSBangExam/system/CodeIgniter.php(432): CodeIgniter\CodeIgniter->runController(Object(App\Controllers\Checkout))
#4 /Applications/MAMP/htdocs/POSBangExam/system/CodeIgniter.php(333): CodeIgniter\CodeIgniter->handleRequest(NULL, Object(Config\Cache), false)
#5 /Applications/MAMP/htdocs/POSBangExam/index.php(44): CodeIgniter\CodeIgniter->run()
#6 {main}
CRITICAL - 2021-03-06 22:54:34 --> A non well formed numeric value encountered
#0 /Applications/MAMP/htdocs/POSBangExam/app/Controllers/Checkout.php(60): CodeIgniter\Debug\Exceptions->errorHandler(8, 'A non well form...', '/Applications/M...', 60, Array)
#1 /Applications/MAMP/htdocs/POSBangExam/app/Controllers/Checkout.php(15): App\Controllers\Checkout->fetch_orders(Array)
#2 /Applications/MAMP/htdocs/POSBangExam/system/CodeIgniter.php(936): App\Controllers\Checkout->index()
#3 /Applications/MAMP/htdocs/POSBangExam/system/CodeIgniter.php(432): CodeIgniter\CodeIgniter->runController(Object(App\Controllers\Checkout))
#4 /Applications/MAMP/htdocs/POSBangExam/system/CodeIgniter.php(333): CodeIgniter\CodeIgniter->handleRequest(NULL, Object(Config\Cache), false)
#5 /Applications/MAMP/htdocs/POSBangExam/index.php(44): CodeIgniter\CodeIgniter->run()
#6 {main}
CRITICAL - 2021-03-06 22:54:37 --> A non well formed numeric value encountered
#0 /Applications/MAMP/htdocs/POSBangExam/app/Controllers/Checkout.php(60): CodeIgniter\Debug\Exceptions->errorHandler(8, 'A non well form...', '/Applications/M...', 60, Array)
#1 /Applications/MAMP/htdocs/POSBangExam/app/Controllers/Checkout.php(15): App\Controllers\Checkout->fetch_orders(Array)
#2 /Applications/MAMP/htdocs/POSBangExam/system/CodeIgniter.php(936): App\Controllers\Checkout->index()
#3 /Applications/MAMP/htdocs/POSBangExam/system/CodeIgniter.php(432): CodeIgniter\CodeIgniter->runController(Object(App\Controllers\Checkout))
#4 /Applications/MAMP/htdocs/POSBangExam/system/CodeIgniter.php(333): CodeIgniter\CodeIgniter->handleRequest(NULL, Object(Config\Cache), false)
#5 /Applications/MAMP/htdocs/POSBangExam/index.php(44): CodeIgniter\CodeIgniter->run()
#6 {main}
CRITICAL - 2021-03-06 22:57:42 --> A non well formed numeric value encountered
#0 [internal function]: CodeIgniter\Debug\Exceptions->errorHandler(8, 'A non well form...', '/Applications/M...', 64, Array)
#1 /Applications/MAMP/htdocs/POSBangExam/app/Controllers/Checkout.php(64): number_format('1,158.50', 2, '.', ',')
#2 /Applications/MAMP/htdocs/POSBangExam/app/Controllers/Checkout.php(15): App\Controllers\Checkout->fetch_orders(Array)
#3 /Applications/MAMP/htdocs/POSBangExam/system/CodeIgniter.php(936): App\Controllers\Checkout->index()
#4 /Applications/MAMP/htdocs/POSBangExam/system/CodeIgniter.php(432): CodeIgniter\CodeIgniter->runController(Object(App\Controllers\Checkout))
#5 /Applications/MAMP/htdocs/POSBangExam/system/CodeIgniter.php(333): CodeIgniter\CodeIgniter->handleRequest(NULL, Object(Config\Cache), false)
#6 /Applications/MAMP/htdocs/POSBangExam/index.php(44): CodeIgniter\CodeIgniter->run()
#7 {main}
CRITICAL - 2021-03-06 22:58:36 --> A non well formed numeric value encountered
#0 [internal function]: CodeIgniter\Debug\Exceptions->errorHandler(8, 'A non well form...', '/Applications/M...', 65, Array)
#1 /Applications/MAMP/htdocs/POSBangExam/app/Controllers/Checkout.php(65): number_format('1,158.50', 2, '.', ',')
#2 /Applications/MAMP/htdocs/POSBangExam/app/Controllers/Checkout.php(15): App\Controllers\Checkout->fetch_orders(Array)
#3 /Applications/MAMP/htdocs/POSBangExam/system/CodeIgniter.php(936): App\Controllers\Checkout->index()
#4 /Applications/MAMP/htdocs/POSBangExam/system/CodeIgniter.php(432): CodeIgniter\CodeIgniter->runController(Object(App\Controllers\Checkout))
#5 /Applications/MAMP/htdocs/POSBangExam/system/CodeIgniter.php(333): CodeIgniter\CodeIgniter->handleRequest(NULL, Object(Config\Cache), false)
#6 /Applications/MAMP/htdocs/POSBangExam/index.php(44): CodeIgniter\CodeIgniter->run()
#7 {main}
CRITICAL - 2021-03-06 23:07:22 --> A non well formed numeric value encountered
#0 /Applications/MAMP/htdocs/POSBangExam/app/Controllers/Checkout.php(60): CodeIgniter\Debug\Exceptions->errorHandler(8, 'A non well form...', '/Applications/M...', 60, Array)
#1 /Applications/MAMP/htdocs/POSBangExam/app/Controllers/Checkout.php(24): App\Controllers\Checkout->fetch_orders(Array)
#2 /Applications/MAMP/htdocs/POSBangExam/system/CodeIgniter.php(936): App\Controllers\Checkout->change_quantity()
#3 /Applications/MAMP/htdocs/POSBangExam/system/CodeIgniter.php(432): CodeIgniter\CodeIgniter->runController(Object(App\Controllers\Checkout))
#4 /Applications/MAMP/htdocs/POSBangExam/system/CodeIgniter.php(333): CodeIgniter\CodeIgniter->handleRequest(NULL, Object(Config\Cache), false)
#5 /Applications/MAMP/htdocs/POSBangExam/index.php(44): CodeIgniter\CodeIgniter->run()
#6 {main}
CRITICAL - 2021-03-06 23:07:56 --> A non well formed numeric value encountered
#0 /Applications/MAMP/htdocs/POSBangExam/app/Controllers/Checkout.php(62): CodeIgniter\Debug\Exceptions->errorHandler(8, 'A non well form...', '/Applications/M...', 62, Array)
#1 /Applications/MAMP/htdocs/POSBangExam/app/Controllers/Checkout.php(24): App\Controllers\Checkout->fetch_orders(Array)
#2 /Applications/MAMP/htdocs/POSBangExam/system/CodeIgniter.php(936): App\Controllers\Checkout->change_quantity()
#3 /Applications/MAMP/htdocs/POSBangExam/system/CodeIgniter.php(432): CodeIgniter\CodeIgniter->runController(Object(App\Controllers\Checkout))
#4 /Applications/MAMP/htdocs/POSBangExam/system/CodeIgniter.php(333): CodeIgniter\CodeIgniter->handleRequest(NULL, Object(Config\Cache), false)
#5 /Applications/MAMP/htdocs/POSBangExam/index.php(44): CodeIgniter\CodeIgniter->run()
#6 {main}
CRITICAL - 2021-03-06 23:09:32 --> A non well formed numeric value encountered
#0 /Applications/MAMP/htdocs/POSBangExam/app/Controllers/Checkout.php(62): CodeIgniter\Debug\Exceptions->errorHandler(8, 'A non well form...', '/Applications/M...', 62, Array)
#1 /Applications/MAMP/htdocs/POSBangExam/app/Controllers/Checkout.php(15): App\Controllers\Checkout->fetch_orders(Array)
#2 /Applications/MAMP/htdocs/POSBangExam/system/CodeIgniter.php(936): App\Controllers\Checkout->index()
#3 /Applications/MAMP/htdocs/POSBangExam/system/CodeIgniter.php(432): CodeIgniter\CodeIgniter->runController(Object(App\Controllers\Checkout))
#4 /Applications/MAMP/htdocs/POSBangExam/system/CodeIgniter.php(333): CodeIgniter\CodeIgniter->handleRequest(NULL, Object(Config\Cache), false)
#5 /Applications/MAMP/htdocs/POSBangExam/index.php(44): CodeIgniter\CodeIgniter->run()
#6 {main}
CRITICAL - 2021-03-06 23:09:50 --> A non well formed numeric value encountered
#0 /Applications/MAMP/htdocs/POSBangExam/app/Controllers/Checkout.php(62): CodeIgniter\Debug\Exceptions->errorHandler(8, 'A non well form...', '/Applications/M...', 62, Array)
#1 /Applications/MAMP/htdocs/POSBangExam/app/Controllers/Checkout.php(15): App\Controllers\Checkout->fetch_orders(Array)
#2 /Applications/MAMP/htdocs/POSBangExam/system/CodeIgniter.php(936): App\Controllers\Checkout->index()
#3 /Applications/MAMP/htdocs/POSBangExam/system/CodeIgniter.php(432): CodeIgniter\CodeIgniter->runController(Object(App\Controllers\Checkout))
#4 /Applications/MAMP/htdocs/POSBangExam/system/CodeIgniter.php(333): CodeIgniter\CodeIgniter->handleRequest(NULL, Object(Config\Cache), false)
#5 /Applications/MAMP/htdocs/POSBangExam/index.php(44): CodeIgniter\CodeIgniter->run()
#6 {main}
CRITICAL - 2021-03-06 23:10:58 --> A non well formed numeric value encountered
#0 /Applications/MAMP/htdocs/POSBangExam/app/Controllers/Checkout.php(60): CodeIgniter\Debug\Exceptions->errorHandler(8, 'A non well form...', '/Applications/M...', 60, Array)
#1 /Applications/MAMP/htdocs/POSBangExam/app/Controllers/Checkout.php(15): App\Controllers\Checkout->fetch_orders(Array)
#2 /Applications/MAMP/htdocs/POSBangExam/system/CodeIgniter.php(936): App\Controllers\Checkout->index()
#3 /Applications/MAMP/htdocs/POSBangExam/system/CodeIgniter.php(432): CodeIgniter\CodeIgniter->runController(Object(App\Controllers\Checkout))
#4 /Applications/MAMP/htdocs/POSBangExam/system/CodeIgniter.php(333): CodeIgniter\CodeIgniter->handleRequest(NULL, Object(Config\Cache), false)
#5 /Applications/MAMP/htdocs/POSBangExam/index.php(44): CodeIgniter\CodeIgniter->run()
#6 {main}
CRITICAL - 2021-03-06 23:11:28 --> A non well formed numeric value encountered
#0 /Applications/MAMP/htdocs/POSBangExam/app/Controllers/Checkout.php(62): CodeIgniter\Debug\Exceptions->errorHandler(8, 'A non well form...', '/Applications/M...', 62, Array)
#1 /Applications/MAMP/htdocs/POSBangExam/app/Controllers/Checkout.php(15): App\Controllers\Checkout->fetch_orders(Array)
#2 /Applications/MAMP/htdocs/POSBangExam/system/CodeIgniter.php(936): App\Controllers\Checkout->index()
#3 /Applications/MAMP/htdocs/POSBangExam/system/CodeIgniter.php(432): CodeIgniter\CodeIgniter->runController(Object(App\Controllers\Checkout))
#4 /Applications/MAMP/htdocs/POSBangExam/system/CodeIgniter.php(333): CodeIgniter\CodeIgniter->handleRequest(NULL, Object(Config\Cache), false)
#5 /Applications/MAMP/htdocs/POSBangExam/index.php(44): CodeIgniter\CodeIgniter->run()
#6 {main}
CRITICAL - 2021-03-06 23:11:43 --> A non well formed numeric value encountered
#0 /Applications/MAMP/htdocs/POSBangExam/app/Controllers/Checkout.php(62): CodeIgniter\Debug\Exceptions->errorHandler(8, 'A non well form...', '/Applications/M...', 62, Array)
#1 /Applications/MAMP/htdocs/POSBangExam/app/Controllers/Checkout.php(15): App\Controllers\Checkout->fetch_orders(Array)
#2 /Applications/MAMP/htdocs/POSBangExam/system/CodeIgniter.php(936): App\Controllers\Checkout->index()
#3 /Applications/MAMP/htdocs/POSBangExam/system/CodeIgniter.php(432): CodeIgniter\CodeIgniter->runController(Object(App\Controllers\Checkout))
#4 /Applications/MAMP/htdocs/POSBangExam/system/CodeIgniter.php(333): CodeIgniter\CodeIgniter->handleRequest(NULL, Object(Config\Cache), false)
#5 /Applications/MAMP/htdocs/POSBangExam/index.php(44): CodeIgniter\CodeIgniter->run()
#6 {main}
CRITICAL - 2021-03-06 23:11:51 --> A non well formed numeric value encountered
#0 /Applications/MAMP/htdocs/POSBangExam/app/Controllers/Checkout.php(62): CodeIgniter\Debug\Exceptions->errorHandler(8, 'A non well form...', '/Applications/M...', 62, Array)
#1 /Applications/MAMP/htdocs/POSBangExam/app/Controllers/Checkout.php(15): App\Controllers\Checkout->fetch_orders(Array)
#2 /Applications/MAMP/htdocs/POSBangExam/system/CodeIgniter.php(936): App\Controllers\Checkout->index()
#3 /Applications/MAMP/htdocs/POSBangExam/system/CodeIgniter.php(432): CodeIgniter\CodeIgniter->runController(Object(App\Controllers\Checkout))
#4 /Applications/MAMP/htdocs/POSBangExam/system/CodeIgniter.php(333): CodeIgniter\CodeIgniter->handleRequest(NULL, Object(Config\Cache), false)
#5 /Applications/MAMP/htdocs/POSBangExam/index.php(44): CodeIgniter\CodeIgniter->run()
#6 {main}
CRITICAL - 2021-03-06 23:11:51 --> A non well formed numeric value encountered
#0 /Applications/MAMP/htdocs/POSBangExam/app/Controllers/Checkout.php(62): CodeIgniter\Debug\Exceptions->errorHandler(8, 'A non well form...', '/Applications/M...', 62, Array)
#1 /Applications/MAMP/htdocs/POSBangExam/app/Controllers/Checkout.php(15): App\Controllers\Checkout->fetch_orders(Array)
#2 /Applications/MAMP/htdocs/POSBangExam/system/CodeIgniter.php(936): App\Controllers\Checkout->index()
#3 /Applications/MAMP/htdocs/POSBangExam/system/CodeIgniter.php(432): CodeIgniter\CodeIgniter->runController(Object(App\Controllers\Checkout))
#4 /Applications/MAMP/htdocs/POSBangExam/system/CodeIgniter.php(333): CodeIgniter\CodeIgniter->handleRequest(NULL, Object(Config\Cache), false)
#5 /Applications/MAMP/htdocs/POSBangExam/index.php(44): CodeIgniter\CodeIgniter->run()
#6 {main}
CRITICAL - 2021-03-06 23:11:52 --> A non well formed numeric value encountered
#0 /Applications/MAMP/htdocs/POSBangExam/app/Controllers/Checkout.php(62): CodeIgniter\Debug\Exceptions->errorHandler(8, 'A non well form...', '/Applications/M...', 62, Array)
#1 /Applications/MAMP/htdocs/POSBangExam/app/Controllers/Checkout.php(15): App\Controllers\Checkout->fetch_orders(Array)
#2 /Applications/MAMP/htdocs/POSBangExam/system/CodeIgniter.php(936): App\Controllers\Checkout->index()
#3 /Applications/MAMP/htdocs/POSBangExam/system/CodeIgniter.php(432): CodeIgniter\CodeIgniter->runController(Object(App\Controllers\Checkout))
#4 /Applications/MAMP/htdocs/POSBangExam/system/CodeIgniter.php(333): CodeIgniter\CodeIgniter->handleRequest(NULL, Object(Config\Cache), false)
#5 /Applications/MAMP/htdocs/POSBangExam/index.php(44): CodeIgniter\CodeIgniter->run()
#6 {main}
CRITICAL - 2021-03-06 23:11:52 --> A non well formed numeric value encountered
#0 /Applications/MAMP/htdocs/POSBangExam/app/Controllers/Checkout.php(62): CodeIgniter\Debug\Exceptions->errorHandler(8, 'A non well form...', '/Applications/M...', 62, Array)
#1 /Applications/MAMP/htdocs/POSBangExam/app/Controllers/Checkout.php(15): App\Controllers\Checkout->fetch_orders(Array)
#2 /Applications/MAMP/htdocs/POSBangExam/system/CodeIgniter.php(936): App\Controllers\Checkout->index()
#3 /Applications/MAMP/htdocs/POSBangExam/system/CodeIgniter.php(432): CodeIgniter\CodeIgniter->runController(Object(App\Controllers\Checkout))
#4 /Applications/MAMP/htdocs/POSBangExam/system/CodeIgniter.php(333): CodeIgniter\CodeIgniter->handleRequest(NULL, Object(Config\Cache), false)
#5 /Applications/MAMP/htdocs/POSBangExam/index.php(44): CodeIgniter\CodeIgniter->run()
#6 {main}
CRITICAL - 2021-03-06 23:11:52 --> A non well formed numeric value encountered
#0 /Applications/MAMP/htdocs/POSBangExam/app/Controllers/Checkout.php(62): CodeIgniter\Debug\Exceptions->errorHandler(8, 'A non well form...', '/Applications/M...', 62, Array)
#1 /Applications/MAMP/htdocs/POSBangExam/app/Controllers/Checkout.php(15): App\Controllers\Checkout->fetch_orders(Array)
#2 /Applications/MAMP/htdocs/POSBangExam/system/CodeIgniter.php(936): App\Controllers\Checkout->index()
#3 /Applications/MAMP/htdocs/POSBangExam/system/CodeIgniter.php(432): CodeIgniter\CodeIgniter->runController(Object(App\Controllers\Checkout))
#4 /Applications/MAMP/htdocs/POSBangExam/system/CodeIgniter.php(333): CodeIgniter\CodeIgniter->handleRequest(NULL, Object(Config\Cache), false)
#5 /Applications/MAMP/htdocs/POSBangExam/index.php(44): CodeIgniter\CodeIgniter->run()
#6 {main}
CRITICAL - 2021-03-06 23:13:48 --> Undefined variable: pt
#0 /Applications/MAMP/htdocs/POSBangExam/app/Controllers/Checkout.php(63): CodeIgniter\Debug\Exceptions->errorHandler(8, 'Undefined varia...', '/Applications/M...', 63, Array)
#1 /Applications/MAMP/htdocs/POSBangExam/app/Controllers/Checkout.php(15): App\Controllers\Checkout->fetch_orders(Array)
#2 /Applications/MAMP/htdocs/POSBangExam/system/CodeIgniter.php(936): App\Controllers\Checkout->index()
#3 /Applications/MAMP/htdocs/POSBangExam/system/CodeIgniter.php(432): CodeIgniter\CodeIgniter->runController(Object(App\Controllers\Checkout))
#4 /Applications/MAMP/htdocs/POSBangExam/system/CodeIgniter.php(333): CodeIgniter\CodeIgniter->handleRequest(NULL, Object(Config\Cache), false)
#5 /Applications/MAMP/htdocs/POSBangExam/index.php(44): CodeIgniter\CodeIgniter->run()
#6 {main}
CRITICAL - 2021-03-06 23:14:10 --> Undefined variable: pt
#0 /Applications/MAMP/htdocs/POSBangExam/app/Controllers/Checkout.php(63): CodeIgniter\Debug\Exceptions->errorHandler(8, 'Undefined varia...', '/Applications/M...', 63, Array)
#1 /Applications/MAMP/htdocs/POSBangExam/app/Controllers/Checkout.php(15): App\Controllers\Checkout->fetch_orders(Array)
#2 /Applications/MAMP/htdocs/POSBangExam/system/CodeIgniter.php(936): App\Controllers\Checkout->index()
#3 /Applications/MAMP/htdocs/POSBangExam/system/CodeIgniter.php(432): CodeIgniter\CodeIgniter->runController(Object(App\Controllers\Checkout))
#4 /Applications/MAMP/htdocs/POSBangExam/system/CodeIgniter.php(333): CodeIgniter\CodeIgniter->handleRequest(NULL, Object(Config\Cache), false)
#5 /Applications/MAMP/htdocs/POSBangExam/index.php(44): CodeIgniter\CodeIgniter->run()
#6 {main}
CRITICAL - 2021-03-06 23:17:47 --> A non well formed numeric value encountered
#0 /Applications/MAMP/htdocs/POSBangExam/app/Controllers/Checkout.php(60): CodeIgniter\Debug\Exceptions->errorHandler(8, 'A non well form...', '/Applications/M...', 60, Array)
#1 /Applications/MAMP/htdocs/POSBangExam/app/Controllers/Checkout.php(15): App\Controllers\Checkout->fetch_orders(Array)
#2 /Applications/MAMP/htdocs/POSBangExam/system/CodeIgniter.php(936): App\Controllers\Checkout->index()
#3 /Applications/MAMP/htdocs/POSBangExam/system/CodeIgniter.php(432): CodeIgniter\CodeIgniter->runController(Object(App\Controllers\Checkout))
#4 /Applications/MAMP/htdocs/POSBangExam/system/CodeIgniter.php(333): CodeIgniter\CodeIgniter->handleRequest(NULL, Object(Config\Cache), false)
#5 /Applications/MAMP/htdocs/POSBangExam/index.php(44): CodeIgniter\CodeIgniter->run()
#6 {main}
CRITICAL - 2021-03-06 23:27:08 --> Illegal string offset 'active'
#0 /Applications/MAMP/htdocs/POSBangExam/app/Controllers/Checkout.php(73): CodeIgniter\Debug\Exceptions->errorHandler(2, 'Illegal string ...', '/Applications/M...', 73, Array)
#1 /Applications/MAMP/htdocs/POSBangExam/app/Controllers/Checkout.php(15): App\Controllers\Checkout->fetch_orders(Array)
#2 /Applications/MAMP/htdocs/POSBangExam/system/CodeIgniter.php(936): App\Controllers\Checkout->index()
#3 /Applications/MAMP/htdocs/POSBangExam/system/CodeIgniter.php(432): CodeIgniter\CodeIgniter->runController(Object(App\Controllers\Checkout))
#4 /Applications/MAMP/htdocs/POSBangExam/system/CodeIgniter.php(333): CodeIgniter\CodeIgniter->handleRequest(NULL, Object(Config\Cache), false)
#5 /Applications/MAMP/htdocs/POSBangExam/index.php(44): CodeIgniter\CodeIgniter->run()
#6 {main}
CRITICAL - 2021-03-06 23:27:31 --> Illegal string offset 'active'
#0 /Applications/MAMP/htdocs/POSBangExam/app/Controllers/Checkout.php(74): CodeIgniter\Debug\Exceptions->errorHandler(2, 'Illegal string ...', '/Applications/M...', 74, Array)
#1 /Applications/MAMP/htdocs/POSBangExam/app/Controllers/Checkout.php(15): App\Controllers\Checkout->fetch_orders(Array)
#2 /Applications/MAMP/htdocs/POSBangExam/system/CodeIgniter.php(936): App\Controllers\Checkout->index()
#3 /Applications/MAMP/htdocs/POSBangExam/system/CodeIgniter.php(432): CodeIgniter\CodeIgniter->runController(Object(App\Controllers\Checkout))
#4 /Applications/MAMP/htdocs/POSBangExam/system/CodeIgniter.php(333): CodeIgniter\CodeIgniter->handleRequest(NULL, Object(Config\Cache), false)
#5 /Applications/MAMP/htdocs/POSBangExam/index.php(44): CodeIgniter\CodeIgniter->run()
#6 {main}
CRITICAL - 2021-03-06 23:28:08 --> Illegal string offset 'active'
#0 /Applications/MAMP/htdocs/POSBangExam/app/Controllers/Checkout.php(74): CodeIgniter\Debug\Exceptions->errorHandler(2, 'Illegal string ...', '/Applications/M...', 74, Array)
#1 /Applications/MAMP/htdocs/POSBangExam/app/Controllers/Checkout.php(15): App\Controllers\Checkout->fetch_orders(Array)
#2 /Applications/MAMP/htdocs/POSBangExam/system/CodeIgniter.php(936): App\Controllers\Checkout->index()
#3 /Applications/MAMP/htdocs/POSBangExam/system/CodeIgniter.php(432): CodeIgniter\CodeIgniter->runController(Object(App\Controllers\Checkout))
#4 /Applications/MAMP/htdocs/POSBangExam/system/CodeIgniter.php(333): CodeIgniter\CodeIgniter->handleRequest(NULL, Object(Config\Cache), false)
#5 /Applications/MAMP/htdocs/POSBangExam/index.php(44): CodeIgniter\CodeIgniter->run()
#6 {main}
CRITICAL - 2021-03-06 23:31:13 --> Cannot use object of type stdClass as array
#0 /Applications/MAMP/htdocs/POSBangExam/app/Controllers/Checkout.php(15): App\Controllers\Checkout->fetch_orders(Array)
#1 /Applications/MAMP/htdocs/POSBangExam/system/CodeIgniter.php(936): App\Controllers\Checkout->index()
#2 /Applications/MAMP/htdocs/POSBangExam/system/CodeIgniter.php(432): CodeIgniter\CodeIgniter->runController(Object(App\Controllers\Checkout))
#3 /Applications/MAMP/htdocs/POSBangExam/system/CodeIgniter.php(333): CodeIgniter\CodeIgniter->handleRequest(NULL, Object(Config\Cache), false)
#4 /Applications/MAMP/htdocs/POSBangExam/index.php(44): CodeIgniter\CodeIgniter->run()
#5 {main}
CRITICAL - 2021-03-06 23:32:04 --> Cannot use object of type stdClass as array
#0 /Applications/MAMP/htdocs/POSBangExam/app/Controllers/Checkout.php(15): App\Controllers\Checkout->fetch_orders(Array)
#1 /Applications/MAMP/htdocs/POSBangExam/system/CodeIgniter.php(936): App\Controllers\Checkout->index()
#2 /Applications/MAMP/htdocs/POSBangExam/system/CodeIgniter.php(432): CodeIgniter\CodeIgniter->runController(Object(App\Controllers\Checkout))
#3 /Applications/MAMP/htdocs/POSBangExam/system/CodeIgniter.php(333): CodeIgniter\CodeIgniter->handleRequest(NULL, Object(Config\Cache), false)
#4 /Applications/MAMP/htdocs/POSBangExam/index.php(44): CodeIgniter\CodeIgniter->run()
#5 {main}
CRITICAL - 2021-03-06 23:32:10 --> Use of undefined constant active - assumed 'active' (this will throw an Error in a future version of PHP)
#0 /Applications/MAMP/htdocs/POSBangExam/app/Controllers/Checkout.php(74): CodeIgniter\Debug\Exceptions->errorHandler(2, 'Use of undefine...', '/Applications/M...', 74, Array)
#1 /Applications/MAMP/htdocs/POSBangExam/app/Controllers/Checkout.php(15): App\Controllers\Checkout->fetch_orders(Array)
#2 /Applications/MAMP/htdocs/POSBangExam/system/CodeIgniter.php(936): App\Controllers\Checkout->index()
#3 /Applications/MAMP/htdocs/POSBangExam/system/CodeIgniter.php(432): CodeIgniter\CodeIgniter->runController(Object(App\Controllers\Checkout))
#4 /Applications/MAMP/htdocs/POSBangExam/system/CodeIgniter.php(333): CodeIgniter\CodeIgniter->handleRequest(NULL, Object(Config\Cache), false)
#5 /Applications/MAMP/htdocs/POSBangExam/index.php(44): CodeIgniter\CodeIgniter->run()
#6 {main}
CRITICAL - 2021-03-06 23:32:24 --> syntax error, unexpected '=>' (T_DOUBLE_ARROW), expecting ')'
#0 /Applications/MAMP/htdocs/POSBangExam/system/Router/Router.php(170): CodeIgniter\Router\Router->autoRoute('/checkout')
#1 /Applications/MAMP/htdocs/POSBangExam/system/CodeIgniter.php(816): CodeIgniter\Router\Router->handle('/checkout')
#2 /Applications/MAMP/htdocs/POSBangExam/system/CodeIgniter.php(385): CodeIgniter\CodeIgniter->tryToRouteIt(Object(CodeIgniter\Router\RouteCollection))
#3 /Applications/MAMP/htdocs/POSBangExam/system/CodeIgniter.php(333): CodeIgniter\CodeIgniter->handleRequest(NULL, Object(Config\Cache), false)
#4 /Applications/MAMP/htdocs/POSBangExam/index.php(44): CodeIgniter\CodeIgniter->run()
#5 {main}
CRITICAL - 2021-03-06 23:32:40 --> Use of undefined constant active - assumed 'active' (this will throw an Error in a future version of PHP)
#0 /Applications/MAMP/htdocs/POSBangExam/app/Controllers/Checkout.php(74): CodeIgniter\Debug\Exceptions->errorHandler(2, 'Use of undefine...', '/Applications/M...', 74, Array)
#1 /Applications/MAMP/htdocs/POSBangExam/app/Controllers/Checkout.php(15): App\Controllers\Checkout->fetch_orders(Array)
#2 /Applications/MAMP/htdocs/POSBangExam/system/CodeIgniter.php(936): App\Controllers\Checkout->index()
#3 /Applications/MAMP/htdocs/POSBangExam/system/CodeIgniter.php(432): CodeIgniter\CodeIgniter->runController(Object(App\Controllers\Checkout))
#4 /Applications/MAMP/htdocs/POSBangExam/system/CodeIgniter.php(333): CodeIgniter\CodeIgniter->handleRequest(NULL, Object(Config\Cache), false)
#5 /Applications/MAMP/htdocs/POSBangExam/index.php(44): CodeIgniter\CodeIgniter->run()
#6 {main}
CRITICAL - 2021-03-06 23:32:49 --> Function name must be a string
#0 /Applications/MAMP/htdocs/POSBangExam/app/Controllers/Checkout.php(15): App\Controllers\Checkout->fetch_orders(Array)
#1 /Applications/MAMP/htdocs/POSBangExam/system/CodeIgniter.php(936): App\Controllers\Checkout->index()
#2 /Applications/MAMP/htdocs/POSBangExam/system/CodeIgniter.php(432): CodeIgniter\CodeIgniter->runController(Object(App\Controllers\Checkout))
#3 /Applications/MAMP/htdocs/POSBangExam/system/CodeIgniter.php(333): CodeIgniter\CodeIgniter->handleRequest(NULL, Object(Config\Cache), false)
#4 /Applications/MAMP/htdocs/POSBangExam/index.php(44): CodeIgniter\CodeIgniter->run()
#5 {main}
CRITICAL - 2021-03-06 23:40:32 --> Undefined variable: discount
#0 /Applications/MAMP/htdocs/POSBangExam/app/Views/Checkout.php(157): CodeIgniter\Debug\Exceptions->errorHandler(8, 'Undefined varia...', '/Applications/M...', 157, Array)
#1 /Applications/MAMP/htdocs/POSBangExam/system/View/View.php(220): include('/Applications/M...')
#2 /Applications/MAMP/htdocs/POSBangExam/system/View/View.php(222): CodeIgniter\View\View->CodeIgniter\View\{closure}()
#3 /Applications/MAMP/htdocs/POSBangExam/system/Common.php(1217): CodeIgniter\View\View->render('Checkout', Array, true)
#4 /Applications/MAMP/htdocs/POSBangExam/app/Controllers/Checkout.php(18): view('Checkout', Array)
#5 /Applications/MAMP/htdocs/POSBangExam/system/CodeIgniter.php(936): App\Controllers\Checkout->index()
#6 /Applications/MAMP/htdocs/POSBangExam/system/CodeIgniter.php(432): CodeIgniter\CodeIgniter->runController(Object(App\Controllers\Checkout))
#7 /Applications/MAMP/htdocs/POSBangExam/system/CodeIgniter.php(333): CodeIgniter\CodeIgniter->handleRequest(NULL, Object(Config\Cache), false)
#8 /Applications/MAMP/htdocs/POSBangExam/index.php(44): CodeIgniter\CodeIgniter->run()
#9 {main}
CRITICAL - 2021-03-06 23:48:48 --> Undefined property: stdClass::$percentage
#0 /Applications/MAMP/htdocs/POSBangExam/app/Controllers/Checkout.php(75): CodeIgniter\Debug\Exceptions->errorHandler(8, 'Undefined prope...', '/Applications/M...', 75, Array)
#1 /Applications/MAMP/htdocs/POSBangExam/app/Controllers/Checkout.php(24): App\Controllers\Checkout->fetch_orders(Array)
#2 /Applications/MAMP/htdocs/POSBangExam/system/CodeIgniter.php(936): App\Controllers\Checkout->change_quantity()
#3 /Applications/MAMP/htdocs/POSBangExam/system/CodeIgniter.php(432): CodeIgniter\CodeIgniter->runController(Object(App\Controllers\Checkout))
#4 /Applications/MAMP/htdocs/POSBangExam/system/CodeIgniter.php(333): CodeIgniter\CodeIgniter->handleRequest(NULL, Object(Config\Cache), false)
#5 /Applications/MAMP/htdocs/POSBangExam/index.php(44): CodeIgniter\CodeIgniter->run()
#6 {main}
CRITICAL - 2021-03-06 23:52:24 --> Undefined property: stdClass::$percentage
#0 /Applications/MAMP/htdocs/POSBangExam/app/Controllers/Checkout.php(76): CodeIgniter\Debug\Exceptions->errorHandler(8, 'Undefined prope...', '/Applications/M...', 76, Array)
#1 /Applications/MAMP/htdocs/POSBangExam/app/Controllers/Checkout.php(15): App\Controllers\Checkout->fetch_orders(Array)
#2 /Applications/MAMP/htdocs/POSBangExam/system/CodeIgniter.php(936): App\Controllers\Checkout->index()
#3 /Applications/MAMP/htdocs/POSBangExam/system/CodeIgniter.php(432): CodeIgniter\CodeIgniter->runController(Object(App\Controllers\Checkout))
#4 /Applications/MAMP/htdocs/POSBangExam/system/CodeIgniter.php(333): CodeIgniter\CodeIgniter->handleRequest(NULL, Object(Config\Cache), false)
#5 /Applications/MAMP/htdocs/POSBangExam/index.php(44): CodeIgniter\CodeIgniter->run()
#6 {main}
