CRITICAL - 2021-03-05 08:54:44 --> Invalid file: menu_list.php
#0 /Applications/MAMP/htdocs/POSBangExam/system/View/View.php(203): CodeIgniter\Exceptions\FrameworkException::forInvalidFile('menu_list.php')
#1 /Applications/MAMP/htdocs/POSBangExam/system/Common.php(1217): CodeIgniter\View\View->render('menu_list', Array, true)
#2 /Applications/MAMP/htdocs/POSBangExam/app/Controllers/Menu.php(9): view('menu_list')
#3 /Applications/MAMP/htdocs/POSBangExam/system/CodeIgniter.php(936): App\Controllers\Menu->index()
#4 /Applications/MAMP/htdocs/POSBangExam/system/CodeIgniter.php(432): CodeIgniter\CodeIgniter->runController(Object(App\Controllers\Menu))
#5 /Applications/MAMP/htdocs/POSBangExam/system/CodeIgniter.php(333): CodeIgniter\CodeIgniter->handleRequest(NULL, Object(Config\Cache), false)
#6 /Applications/MAMP/htdocs/POSBangExam/index.php(44): CodeIgniter\CodeIgniter->run()
#7 {main}
CRITICAL - 2021-03-05 08:54:53 --> Invalid file: menu_list.php
#0 /Applications/MAMP/htdocs/POSBangExam/system/View/View.php(203): CodeIgniter\Exceptions\FrameworkException::forInvalidFile('menu_list.php')
#1 /Applications/MAMP/htdocs/POSBangExam/system/Common.php(1217): CodeIgniter\View\View->render('menu_list', Array, true)
#2 /Applications/MAMP/htdocs/POSBangExam/app/Controllers/Menu.php(9): view('menu_list')
#3 /Applications/MAMP/htdocs/POSBangExam/system/CodeIgniter.php(936): App\Controllers\Menu->index()
#4 /Applications/MAMP/htdocs/POSBangExam/system/CodeIgniter.php(432): CodeIgniter\CodeIgniter->runController(Object(App\Controllers\Menu))
#5 /Applications/MAMP/htdocs/POSBangExam/system/CodeIgniter.php(333): CodeIgniter\CodeIgniter->handleRequest(NULL, Object(Config\Cache), false)
#6 /Applications/MAMP/htdocs/POSBangExam/index.php(44): CodeIgniter\CodeIgniter->run()
#7 {main}
CRITICAL - 2021-03-05 17:55:54 --> syntax error, unexpected 'echo' (T_ECHO), expecting ';' or ','
#0 /Applications/MAMP/htdocs/POSBangExam/system/Autoloader/Autoloader.php(265): CodeIgniter\Autoloader\Autoloader->includeFile('/Applications/M...')
#1 /Applications/MAMP/htdocs/POSBangExam/system/Autoloader/Autoloader.php(228): CodeIgniter\Autoloader\Autoloader->loadInNamespace('App\\Controllers...')
#2 [internal function]: CodeIgniter\Autoloader\Autoloader->loadClass('App\\Controllers...')
#3 [internal function]: spl_autoload_call('App\\Controllers...')
#4 /Applications/MAMP/htdocs/POSBangExam/system/CodeIgniter.php(893): class_exists('\\App\\Controller...', true)
#5 /Applications/MAMP/htdocs/POSBangExam/system/CodeIgniter.php(417): CodeIgniter\CodeIgniter->startController()
#6 /Applications/MAMP/htdocs/POSBangExam/system/CodeIgniter.php(333): CodeIgniter\CodeIgniter->handleRequest(NULL, Object(Config\Cache), false)
#7 /Applications/MAMP/htdocs/POSBangExam/index.php(44): CodeIgniter\CodeIgniter->run()
#8 {main}
CRITICAL - 2021-03-05 17:56:02 --> Invalid file: template/HeaderTemplate.php
#0 /Applications/MAMP/htdocs/POSBangExam/system/View/View.php(203): CodeIgniter\Exceptions\FrameworkException::forInvalidFile('template/Header...')
#1 /Applications/MAMP/htdocs/POSBangExam/system/Common.php(1217): CodeIgniter\View\View->render('template/Header...', Array, true)
#2 /Applications/MAMP/htdocs/POSBangExam/app/Controllers/Menu.php(9): view('template/Header...')
#3 /Applications/MAMP/htdocs/POSBangExam/system/CodeIgniter.php(936): App\Controllers\Menu->index()
#4 /Applications/MAMP/htdocs/POSBangExam/system/CodeIgniter.php(432): CodeIgniter\CodeIgniter->runController(Object(App\Controllers\Menu))
#5 /Applications/MAMP/htdocs/POSBangExam/system/CodeIgniter.php(333): CodeIgniter\CodeIgniter->handleRequest(NULL, Object(Config\Cache), false)
#6 /Applications/MAMP/htdocs/POSBangExam/index.php(44): CodeIgniter\CodeIgniter->run()
#7 {main}
CRITICAL - 2021-03-05 23:38:03 --> Class 'App\Controllers\MenuModel' not found
#0 /Applications/MAMP/htdocs/POSBangExam/system/Autoloader/Autoloader.php(294): include_once()
#1 /Applications/MAMP/htdocs/POSBangExam/system/Autoloader/Autoloader.php(265): CodeIgniter\Autoloader\Autoloader->includeFile('/Applications/M...')
#2 /Applications/MAMP/htdocs/POSBangExam/system/Autoloader/Autoloader.php(228): CodeIgniter\Autoloader\Autoloader->loadInNamespace('App\\Controllers...')
#3 [internal function]: CodeIgniter\Autoloader\Autoloader->loadClass('App\\Controllers...')
#4 [internal function]: spl_autoload_call('App\\Controllers...')
#5 /Applications/MAMP/htdocs/POSBangExam/system/CodeIgniter.php(893): class_exists('\\App\\Controller...', true)
#6 /Applications/MAMP/htdocs/POSBangExam/system/CodeIgniter.php(417): CodeIgniter\CodeIgniter->startController()
#7 /Applications/MAMP/htdocs/POSBangExam/system/CodeIgniter.php(333): CodeIgniter\CodeIgniter->handleRequest(NULL, Object(Config\Cache), false)
#8 /Applications/MAMP/htdocs/POSBangExam/index.php(44): CodeIgniter\CodeIgniter->run()
#9 {main}
CRITICAL - 2021-03-05 23:38:33 --> Class 'App\Controllers\MenuModel' not found
#0 /Applications/MAMP/htdocs/POSBangExam/system/Autoloader/Autoloader.php(294): include_once()
#1 /Applications/MAMP/htdocs/POSBangExam/system/Autoloader/Autoloader.php(265): CodeIgniter\Autoloader\Autoloader->includeFile('/Applications/M...')
#2 /Applications/MAMP/htdocs/POSBangExam/system/Autoloader/Autoloader.php(228): CodeIgniter\Autoloader\Autoloader->loadInNamespace('App\\Controllers...')
#3 [internal function]: CodeIgniter\Autoloader\Autoloader->loadClass('App\\Controllers...')
#4 [internal function]: spl_autoload_call('App\\Controllers...')
#5 /Applications/MAMP/htdocs/POSBangExam/system/CodeIgniter.php(893): class_exists('\\App\\Controller...', true)
#6 /Applications/MAMP/htdocs/POSBangExam/system/CodeIgniter.php(417): CodeIgniter\CodeIgniter->startController()
#7 /Applications/MAMP/htdocs/POSBangExam/system/CodeIgniter.php(333): CodeIgniter\CodeIgniter->handleRequest(NULL, Object(Config\Cache), false)
#8 /Applications/MAMP/htdocs/POSBangExam/index.php(44): CodeIgniter\CodeIgniter->run()
#9 {main}
CRITICAL - 2021-03-05 23:38:34 --> Class 'App\Controllers\MenuModel' not found
#0 /Applications/MAMP/htdocs/POSBangExam/system/Autoloader/Autoloader.php(294): include_once()
#1 /Applications/MAMP/htdocs/POSBangExam/system/Autoloader/Autoloader.php(265): CodeIgniter\Autoloader\Autoloader->includeFile('/Applications/M...')
#2 /Applications/MAMP/htdocs/POSBangExam/system/Autoloader/Autoloader.php(228): CodeIgniter\Autoloader\Autoloader->loadInNamespace('App\\Controllers...')
#3 [internal function]: CodeIgniter\Autoloader\Autoloader->loadClass('App\\Controllers...')
#4 [internal function]: spl_autoload_call('App\\Controllers...')
#5 /Applications/MAMP/htdocs/POSBangExam/system/CodeIgniter.php(893): class_exists('\\App\\Controller...', true)
#6 /Applications/MAMP/htdocs/POSBangExam/system/CodeIgniter.php(417): CodeIgniter\CodeIgniter->startController()
#7 /Applications/MAMP/htdocs/POSBangExam/system/CodeIgniter.php(333): CodeIgniter\CodeIgniter->handleRequest(NULL, Object(Config\Cache), false)
#8 /Applications/MAMP/htdocs/POSBangExam/index.php(44): CodeIgniter\CodeIgniter->run()
#9 {main}
CRITICAL - 2021-03-05 23:38:39 --> Class 'App\Controllers\MenuModel' not found
#0 /Applications/MAMP/htdocs/POSBangExam/system/Autoloader/Autoloader.php(294): include_once()
#1 /Applications/MAMP/htdocs/POSBangExam/system/Autoloader/Autoloader.php(265): CodeIgniter\Autoloader\Autoloader->includeFile('/Applications/M...')
#2 /Applications/MAMP/htdocs/POSBangExam/system/Autoloader/Autoloader.php(228): CodeIgniter\Autoloader\Autoloader->loadInNamespace('App\\Controllers...')
#3 [internal function]: CodeIgniter\Autoloader\Autoloader->loadClass('App\\Controllers...')
#4 [internal function]: spl_autoload_call('App\\Controllers...')
#5 /Applications/MAMP/htdocs/POSBangExam/system/CodeIgniter.php(893): class_exists('\\App\\Controller...', true)
#6 /Applications/MAMP/htdocs/POSBangExam/system/CodeIgniter.php(417): CodeIgniter\CodeIgniter->startController()
#7 /Applications/MAMP/htdocs/POSBangExam/system/CodeIgniter.php(333): CodeIgniter\CodeIgniter->handleRequest(NULL, Object(Config\Cache), false)
#8 /Applications/MAMP/htdocs/POSBangExam/index.php(44): CodeIgniter\CodeIgniter->run()
#9 {main}
CRITICAL - 2021-03-05 23:40:08 --> Call to a member function fetch_categories() on null
#0 /Applications/MAMP/htdocs/POSBangExam/system/CodeIgniter.php(936): App\Controllers\Menu->index()
#1 /Applications/MAMP/htdocs/POSBangExam/system/CodeIgniter.php(432): CodeIgniter\CodeIgniter->runController(Object(App\Controllers\Menu))
#2 /Applications/MAMP/htdocs/POSBangExam/system/CodeIgniter.php(333): CodeIgniter\CodeIgniter->handleRequest(NULL, Object(Config\Cache), false)
#3 /Applications/MAMP/htdocs/POSBangExam/index.php(44): CodeIgniter\CodeIgniter->run()
#4 {main}
CRITICAL - 2021-03-05 23:40:29 --> Call to a member function fetch_categories() on null
#0 /Applications/MAMP/htdocs/POSBangExam/system/CodeIgniter.php(936): App\Controllers\Menu->index()
#1 /Applications/MAMP/htdocs/POSBangExam/system/CodeIgniter.php(432): CodeIgniter\CodeIgniter->runController(Object(App\Controllers\Menu))
#2 /Applications/MAMP/htdocs/POSBangExam/system/CodeIgniter.php(333): CodeIgniter\CodeIgniter->handleRequest(NULL, Object(Config\Cache), false)
#3 /Applications/MAMP/htdocs/POSBangExam/index.php(44): CodeIgniter\CodeIgniter->run()
#4 {main}
CRITICAL - 2021-03-05 23:41:17 --> Call to a member function fetch_categories() on null
#0 /Applications/MAMP/htdocs/POSBangExam/system/CodeIgniter.php(936): App\Controllers\Menu->index()
#1 /Applications/MAMP/htdocs/POSBangExam/system/CodeIgniter.php(432): CodeIgniter\CodeIgniter->runController(Object(App\Controllers\Menu))
#2 /Applications/MAMP/htdocs/POSBangExam/system/CodeIgniter.php(333): CodeIgniter\CodeIgniter->handleRequest(NULL, Object(Config\Cache), false)
#3 /Applications/MAMP/htdocs/POSBangExam/index.php(44): CodeIgniter\CodeIgniter->run()
#4 {main}
CRITICAL - 2021-03-05 23:41:17 --> Call to a member function fetch_categories() on null
#0 /Applications/MAMP/htdocs/POSBangExam/system/CodeIgniter.php(936): App\Controllers\Menu->index()
#1 /Applications/MAMP/htdocs/POSBangExam/system/CodeIgniter.php(432): CodeIgniter\CodeIgniter->runController(Object(App\Controllers\Menu))
#2 /Applications/MAMP/htdocs/POSBangExam/system/CodeIgniter.php(333): CodeIgniter\CodeIgniter->handleRequest(NULL, Object(Config\Cache), false)
#3 /Applications/MAMP/htdocs/POSBangExam/index.php(44): CodeIgniter\CodeIgniter->run()
#4 {main}
CRITICAL - 2021-03-05 23:41:18 --> Call to a member function fetch_categories() on null
#0 /Applications/MAMP/htdocs/POSBangExam/system/CodeIgniter.php(936): App\Controllers\Menu->index()
#1 /Applications/MAMP/htdocs/POSBangExam/system/CodeIgniter.php(432): CodeIgniter\CodeIgniter->runController(Object(App\Controllers\Menu))
#2 /Applications/MAMP/htdocs/POSBangExam/system/CodeIgniter.php(333): CodeIgniter\CodeIgniter->handleRequest(NULL, Object(Config\Cache), false)
#3 /Applications/MAMP/htdocs/POSBangExam/index.php(44): CodeIgniter\CodeIgniter->run()
#4 {main}
CRITICAL - 2021-03-05 23:41:18 --> Call to a member function fetch_categories() on null
#0 /Applications/MAMP/htdocs/POSBangExam/system/CodeIgniter.php(936): App\Controllers\Menu->index()
#1 /Applications/MAMP/htdocs/POSBangExam/system/CodeIgniter.php(432): CodeIgniter\CodeIgniter->runController(Object(App\Controllers\Menu))
#2 /Applications/MAMP/htdocs/POSBangExam/system/CodeIgniter.php(333): CodeIgniter\CodeIgniter->handleRequest(NULL, Object(Config\Cache), false)
#3 /Applications/MAMP/htdocs/POSBangExam/index.php(44): CodeIgniter\CodeIgniter->run()
#4 {main}
CRITICAL - 2021-03-05 23:41:18 --> Call to a member function fetch_categories() on null
#0 /Applications/MAMP/htdocs/POSBangExam/system/CodeIgniter.php(936): App\Controllers\Menu->index()
#1 /Applications/MAMP/htdocs/POSBangExam/system/CodeIgniter.php(432): CodeIgniter\CodeIgniter->runController(Object(App\Controllers\Menu))
#2 /Applications/MAMP/htdocs/POSBangExam/system/CodeIgniter.php(333): CodeIgniter\CodeIgniter->handleRequest(NULL, Object(Config\Cache), false)
#3 /Applications/MAMP/htdocs/POSBangExam/index.php(44): CodeIgniter\CodeIgniter->run()
#4 {main}
CRITICAL - 2021-03-05 23:41:18 --> Call to a member function fetch_categories() on null
#0 /Applications/MAMP/htdocs/POSBangExam/system/CodeIgniter.php(936): App\Controllers\Menu->index()
#1 /Applications/MAMP/htdocs/POSBangExam/system/CodeIgniter.php(432): CodeIgniter\CodeIgniter->runController(Object(App\Controllers\Menu))
#2 /Applications/MAMP/htdocs/POSBangExam/system/CodeIgniter.php(333): CodeIgniter\CodeIgniter->handleRequest(NULL, Object(Config\Cache), false)
#3 /Applications/MAMP/htdocs/POSBangExam/index.php(44): CodeIgniter\CodeIgniter->run()
#4 {main}
CRITICAL - 2021-03-05 23:42:50 --> Call to a member function fetch_categories() on null
#0 /Applications/MAMP/htdocs/POSBangExam/system/CodeIgniter.php(936): App\Controllers\Menu->index()
#1 /Applications/MAMP/htdocs/POSBangExam/system/CodeIgniter.php(432): CodeIgniter\CodeIgniter->runController(Object(App\Controllers\Menu))
#2 /Applications/MAMP/htdocs/POSBangExam/system/CodeIgniter.php(333): CodeIgniter\CodeIgniter->handleRequest(NULL, Object(Config\Cache), false)
#3 /Applications/MAMP/htdocs/POSBangExam/index.php(44): CodeIgniter\CodeIgniter->run()
#4 {main}
CRITICAL - 2021-03-05 23:44:25 --> Call to a member function fetch_categories() on null
#0 /Applications/MAMP/htdocs/POSBangExam/system/CodeIgniter.php(936): App\Controllers\Menu->index()
#1 /Applications/MAMP/htdocs/POSBangExam/system/CodeIgniter.php(432): CodeIgniter\CodeIgniter->runController(Object(App\Controllers\Menu))
#2 /Applications/MAMP/htdocs/POSBangExam/system/CodeIgniter.php(333): CodeIgniter\CodeIgniter->handleRequest(NULL, Object(Config\Cache), false)
#3 /Applications/MAMP/htdocs/POSBangExam/index.php(44): CodeIgniter\CodeIgniter->run()
#4 {main}
CRITICAL - 2021-03-05 23:48:06 --> Call to a member function fetch_categories() on null
#0 /Applications/MAMP/htdocs/POSBangExam/system/CodeIgniter.php(936): App\Controllers\Menu->index()
#1 /Applications/MAMP/htdocs/POSBangExam/system/CodeIgniter.php(432): CodeIgniter\CodeIgniter->runController(Object(App\Controllers\Menu))
#2 /Applications/MAMP/htdocs/POSBangExam/system/CodeIgniter.php(333): CodeIgniter\CodeIgniter->handleRequest(NULL, Object(Config\Cache), false)
#3 /Applications/MAMP/htdocs/POSBangExam/index.php(44): CodeIgniter\CodeIgniter->run()
#4 {main}
CRITICAL - 2021-03-05 23:52:11 --> Undefined variable: menuModel
#0 /Applications/MAMP/htdocs/POSBangExam/app/Controllers/Menu.php(12): CodeIgniter\Debug\Exceptions->errorHandler(8, 'Undefined varia...', '/Applications/M...', 12, Array)
#1 /Applications/MAMP/htdocs/POSBangExam/system/CodeIgniter.php(936): App\Controllers\Menu->index()
#2 /Applications/MAMP/htdocs/POSBangExam/system/CodeIgniter.php(432): CodeIgniter\CodeIgniter->runController(Object(App\Controllers\Menu))
#3 /Applications/MAMP/htdocs/POSBangExam/system/CodeIgniter.php(333): CodeIgniter\CodeIgniter->handleRequest(NULL, Object(Config\Cache), false)
#4 /Applications/MAMP/htdocs/POSBangExam/index.php(44): CodeIgniter\CodeIgniter->run()
#5 {main}
CRITICAL - 2021-03-05 23:56:32 --> Undefined variable: menuModel
#0 /Applications/MAMP/htdocs/POSBangExam/app/Controllers/Menu.php(12): CodeIgniter\Debug\Exceptions->errorHandler(8, 'Undefined varia...', '/Applications/M...', 12, Array)
#1 /Applications/MAMP/htdocs/POSBangExam/system/CodeIgniter.php(936): App\Controllers\Menu->index()
#2 /Applications/MAMP/htdocs/POSBangExam/system/CodeIgniter.php(432): CodeIgniter\CodeIgniter->runController(Object(App\Controllers\Menu))
#3 /Applications/MAMP/htdocs/POSBangExam/system/CodeIgniter.php(333): CodeIgniter\CodeIgniter->handleRequest(NULL, Object(Config\Cache), false)
#4 /Applications/MAMP/htdocs/POSBangExam/index.php(44): CodeIgniter\CodeIgniter->run()
#5 {main}
